2026-01-14 12:54:11.274 [main] INFO  liveFest_controlador.GestionaConciertos - []
2026-01-14 12:55:01.589 [main] INFO  liveFest_controlador.GestionaConciertos - []
2026-01-14 12:55:04.821 [main] ERROR liveFest_utiles.XMLDomConciertos - C:\Users\alumno\Desktop\segundoDAM\JAVA\carlos_rodriguez_lobato_Recuperacion\src\main\resources\conciertosFestival(1).xml (El sistema no puede encontrar el archivo especificado)
2026-01-14 12:55:07.662 [main] INFO  liveFest_controlador.GestionaConciertos - []
2026-01-14 12:58:04.412 [main] INFO  liveFest_controlador.GestionaConciertos - []
2026-01-14 12:59:29.513 [main] INFO  liveFest_controlador.GestionaConciertos - []
2026-01-14 13:01:38.743 [main] INFO  liveFest_controlador.GestionaConciertos - []
2026-01-14 13:01:40.661 [main] INFO  liveFest_controlador.GestionaConciertos - []
2026-01-14 13:03:06.221 [main] INFO  liveFest_controlador.GestionaConciertos - []
2026-01-14 13:03:28.714 [main] INFO  liveFest_controlador.GestionaConciertos - []
2026-01-14 13:03:42.556 [main] INFO  liveFest_controlador.GestionaConciertos - [Concierto [id=1, fecha=2024-06-15, descripcion=apertura del festival con gran actuación, escenario=PRINCIPAL, grupo=null], Concierto [id=2, fecha=2024-06-16, descripcion=sesión indie en el escenario alternativo, escenario=ALTERNATIVO, grupo=null], Concierto [id=3, fecha=2024-06-17, descripcion=concierto sorpresa en la madrugada, escenario=SECUNDARIO, grupo=null], Concierto [id=4, fecha=2024-06-18, descripcion=show acústico especial, escenario=ALTERNATIVO, grupo=null], Concierto [id=5, fecha=2024-06-19, descripcion=concierto con efectos visuales y luces, escenario=PRINCIPAL, grupo=null], Concierto [id=6, fecha=2024-06-20, descripcion=sesión electrónica indie, escenario=SECUNDARIO, grupo=null], Concierto [id=7, fecha=2024-06-21, descripcion=clausura del festival con los mejores éxitos, escenario=PRINCIPAL, grupo=null], Concierto [id=8, fecha=2024-06-22, descripcion=show especial con invitados sorpresa, escenario=ALTERNATIVO, grupo=null], Concierto [id=9, fecha=2024-06-23, descripcion=noche de rock alternativo, escenario=SECUNDARIO, grupo=null], Concierto [id=10, fecha=2024-06-24, descripcion=fiesta de despedida con banda estrella, escenario=PRINCIPAL, grupo=null]]
2026-01-14 13:12:51.266 [main] INFO  liveFest_controlador.GestionaConciertos - [Concierto [id=1, fecha=2024-06-15, descripcion=apertura del festival con gran actuación, escenario=PRINCIPAL, grupo=null], Concierto [id=2, fecha=2024-06-16, descripcion=sesión indie en el escenario alternativo, escenario=ALTERNATIVO, grupo=null], Concierto [id=3, fecha=2024-06-17, descripcion=concierto sorpresa en la madrugada, escenario=SECUNDARIO, grupo=null], Concierto [id=4, fecha=2024-06-18, descripcion=show acústico especial, escenario=ALTERNATIVO, grupo=null], Concierto [id=5, fecha=2024-06-19, descripcion=concierto con efectos visuales y luces, escenario=PRINCIPAL, grupo=null], Concierto [id=6, fecha=2024-06-20, descripcion=sesión electrónica indie, escenario=SECUNDARIO, grupo=null], Concierto [id=7, fecha=2024-06-21, descripcion=clausura del festival con los mejores éxitos, escenario=PRINCIPAL, grupo=null], Concierto [id=8, fecha=2024-06-22, descripcion=show especial con invitados sorpresa, escenario=ALTERNATIVO, grupo=null], Concierto [id=9, fecha=2024-06-23, descripcion=noche de rock alternativo, escenario=SECUNDARIO, grupo=null], Concierto [id=10, fecha=2024-06-24, descripcion=fiesta de despedida con banda estrella, escenario=PRINCIPAL, grupo=null]]
2026-01-14 13:14:01.796 [main] INFO  liveFest_controlador.GestionaConciertos - [Concierto [id=1, fecha=2024-06-15, descripcion=apertura del festival con gran actuación, escenario=PRINCIPAL, grupo=null], Concierto [id=2, fecha=2024-06-16, descripcion=sesión indie en el escenario alternativo, escenario=ALTERNATIVO, grupo=null], Concierto [id=3, fecha=2024-06-17, descripcion=concierto sorpresa en la madrugada, escenario=SECUNDARIO, grupo=null], Concierto [id=4, fecha=2024-06-18, descripcion=show acústico especial, escenario=ALTERNATIVO, grupo=null], Concierto [id=5, fecha=2024-06-19, descripcion=concierto con efectos visuales y luces, escenario=PRINCIPAL, grupo=null], Concierto [id=6, fecha=2024-06-20, descripcion=sesión electrónica indie, escenario=SECUNDARIO, grupo=null], Concierto [id=7, fecha=2024-06-21, descripcion=clausura del festival con los mejores éxitos, escenario=PRINCIPAL, grupo=null], Concierto [id=8, fecha=2024-06-22, descripcion=show especial con invitados sorpresa, escenario=ALTERNATIVO, grupo=null], Concierto [id=9, fecha=2024-06-23, descripcion=noche de rock alternativo, escenario=SECUNDARIO, grupo=null], Concierto [id=10, fecha=2024-06-24, descripcion=fiesta de despedida con banda estrella, escenario=PRINCIPAL, grupo=null]]
2026-01-14 13:14:24.158 [main] INFO  liveFest_controlador.GestionaConciertos - [Concierto [id=1, fecha=2024-06-15, descripcion=apertura del festival con gran actuación, escenario=PRINCIPAL, grupo=null], Concierto [id=2, fecha=2024-06-16, descripcion=sesión indie en el escenario alternativo, escenario=ALTERNATIVO, grupo=null], Concierto [id=3, fecha=2024-06-17, descripcion=concierto sorpresa en la madrugada, escenario=SECUNDARIO, grupo=null], Concierto [id=4, fecha=2024-06-18, descripcion=show acústico especial, escenario=ALTERNATIVO, grupo=null], Concierto [id=5, fecha=2024-06-19, descripcion=concierto con efectos visuales y luces, escenario=PRINCIPAL, grupo=null], Concierto [id=6, fecha=2024-06-20, descripcion=sesión electrónica indie, escenario=SECUNDARIO, grupo=null], Concierto [id=7, fecha=2024-06-21, descripcion=clausura del festival con los mejores éxitos, escenario=PRINCIPAL, grupo=null], Concierto [id=8, fecha=2024-06-22, descripcion=show especial con invitados sorpresa, escenario=ALTERNATIVO, grupo=null], Concierto [id=9, fecha=2024-06-23, descripcion=noche de rock alternativo, escenario=SECUNDARIO, grupo=null], Concierto [id=10, fecha=2024-06-24, descripcion=fiesta de despedida con banda estrella, escenario=PRINCIPAL, grupo=null]]
2026-01-14 13:14:52.921 [main] INFO  liveFest_controlador.GestionaConciertos - [Concierto [id=1, fecha=2024-06-15, descripcion=apertura del festival con gran actuación, escenario=PRINCIPAL, grupo=null], Concierto [id=2, fecha=2024-06-16, descripcion=sesión indie en el escenario alternativo, escenario=ALTERNATIVO, grupo=null], Concierto [id=3, fecha=2024-06-17, descripcion=concierto sorpresa en la madrugada, escenario=SECUNDARIO, grupo=null], Concierto [id=4, fecha=2024-06-18, descripcion=show acústico especial, escenario=ALTERNATIVO, grupo=null], Concierto [id=5, fecha=2024-06-19, descripcion=concierto con efectos visuales y luces, escenario=PRINCIPAL, grupo=null], Concierto [id=6, fecha=2024-06-20, descripcion=sesión electrónica indie, escenario=SECUNDARIO, grupo=null], Concierto [id=7, fecha=2024-06-21, descripcion=clausura del festival con los mejores éxitos, escenario=PRINCIPAL, grupo=null], Concierto [id=8, fecha=2024-06-22, descripcion=show especial con invitados sorpresa, escenario=ALTERNATIVO, grupo=null], Concierto [id=9, fecha=2024-06-23, descripcion=noche de rock alternativo, escenario=SECUNDARIO, grupo=null], Concierto [id=10, fecha=2024-06-24, descripcion=fiesta de despedida con banda estrella, escenario=PRINCIPAL, grupo=null]]
2026-01-14 13:15:27.959 [main] INFO  liveFest_controlador.GestionaConciertos - [Concierto [id=1, fecha=2024-06-15, descripcion=apertura del festival con gran actuación, escenario=PRINCIPAL, grupo=null], Concierto [id=2, fecha=2024-06-16, descripcion=sesión indie en el escenario alternativo, escenario=ALTERNATIVO, grupo=null], Concierto [id=3, fecha=2024-06-17, descripcion=concierto sorpresa en la madrugada, escenario=SECUNDARIO, grupo=null], Concierto [id=4, fecha=2024-06-18, descripcion=show acústico especial, escenario=ALTERNATIVO, grupo=null], Concierto [id=5, fecha=2024-06-19, descripcion=concierto con efectos visuales y luces, escenario=PRINCIPAL, grupo=null], Concierto [id=6, fecha=2024-06-20, descripcion=sesión electrónica indie, escenario=SECUNDARIO, grupo=null], Concierto [id=7, fecha=2024-06-21, descripcion=clausura del festival con los mejores éxitos, escenario=PRINCIPAL, grupo=null], Concierto [id=8, fecha=2024-06-22, descripcion=show especial con invitados sorpresa, escenario=ALTERNATIVO, grupo=null], Concierto [id=9, fecha=2024-06-23, descripcion=noche de rock alternativo, escenario=SECUNDARIO, grupo=null], Concierto [id=10, fecha=2024-06-24, descripcion=fiesta de despedida con banda estrella, escenario=PRINCIPAL, grupo=null]]
2026-01-14 13:17:59.143 [main] ERROR liveFest_utiles.XMLDomConciertos - C:\Users\alumno\Desktop\segundoDAM\JAVA\carlos_rodriguez_lobato_Recuperacion\src\main\resources\
            GRP001
            vetusta morla
            6
            contacto@vetustamorla.com
         (El nombre de archivo, el nombre de directorio o la sintaxis de la etiqueta del volumen no son correctos)
2026-01-14 13:17:59.146 [main] ERROR liveFest_utiles.XMLDomConciertos - C:\Users\alumno\Desktop\segundoDAM\JAVA\carlos_rodriguez_lobato_Recuperacion\src\main\resources\
            GRP002
            izal
            5
            info@izalband.com
         (El nombre de archivo, el nombre de directorio o la sintaxis de la etiqueta del volumen no son correctos)
2026-01-14 13:17:59.147 [main] ERROR liveFest_utiles.XMLDomConciertos - C:\Users\alumno\Desktop\segundoDAM\JAVA\carlos_rodriguez_lobato_Recuperacion\src\main\resources\
            GRP003
            miss caffeina
            4
            contacto@misscaffeina.com
         (El nombre de archivo, el nombre de directorio o la sintaxis de la etiqueta del volumen no son correctos)
2026-01-14 13:17:59.148 [main] ERROR liveFest_utiles.XMLDomConciertos - C:\Users\alumno\Desktop\segundoDAM\JAVA\carlos_rodriguez_lobato_Recuperacion\src\main\resources\
            GRP004
            la m.o.d.a.
            7
            booking@lamoda.com
         (El nombre de archivo, el nombre de directorio o la sintaxis de la etiqueta del volumen no son correctos)
2026-01-14 13:17:59.149 [main] ERROR liveFest_utiles.XMLDomConciertos - C:\Users\alumno\Desktop\segundoDAM\JAVA\carlos_rodriguez_lobato_Recuperacion\src\main\resources\
            GRP005
            love of lesbian
            6
            management@loveoflesbian.com
         (El nombre de archivo, el nombre de directorio o la sintaxis de la etiqueta del volumen no son correctos)
2026-01-14 13:17:59.151 [main] ERROR liveFest_utiles.XMLDomConciertos - C:\Users\alumno\Desktop\segundoDAM\JAVA\carlos_rodriguez_lobato_Recuperacion\src\main\resources\
            GRP006
            dorian
            5
            info@dorianmusic.com
         (El nombre de archivo, el nombre de directorio o la sintaxis de la etiqueta del volumen no son correctos)
2026-01-14 13:17:59.152 [main] ERROR liveFest_utiles.XMLDomConciertos - C:\Users\alumno\Desktop\segundoDAM\JAVA\carlos_rodriguez_lobato_Recuperacion\src\main\resources\
            GRP007
            sidonie
            3
            sidonie@management.com
         (El nombre de archivo, el nombre de directorio o la sintaxis de la etiqueta del volumen no son correctos)
2026-01-14 13:17:59.154 [main] ERROR liveFest_utiles.XMLDomConciertos - C:\Users\alumno\Desktop\segundoDAM\JAVA\carlos_rodriguez_lobato_Recuperacion\src\main\resources\
            GRP008
            fuel fandango
            2
            contact@fuelfandango.com
         (El nombre de archivo, el nombre de directorio o la sintaxis de la etiqueta del volumen no son correctos)
2026-01-14 13:17:59.155 [main] ERROR liveFest_utiles.XMLDomConciertos - C:\Users\alumno\Desktop\segundoDAM\JAVA\carlos_rodriguez_lobato_Recuperacion\src\main\resources\
            GRP009
            second
            4
            second@bandmail.com
         (El nombre de archivo, el nombre de directorio o la sintaxis de la etiqueta del volumen no son correctos)
2026-01-14 13:17:59.156 [main] ERROR liveFest_utiles.XMLDomConciertos - C:\Users\alumno\Desktop\segundoDAM\JAVA\carlos_rodriguez_lobato_Recuperacion\src\main\resources\
            GRP010
            supersubmarina
            4
            contacto@supersubmarina.com
         (El nombre de archivo, el nombre de directorio o la sintaxis de la etiqueta del volumen no son correctos)
2026-01-14 13:17:59.157 [main] INFO  liveFest_controlador.GestionaConciertos - [Concierto [id=1, fecha=2024-06-15, descripcion=apertura del festival con gran actuación, escenario=PRINCIPAL, grupo=null], Concierto [id=2, fecha=2024-06-16, descripcion=sesión indie en el escenario alternativo, escenario=ALTERNATIVO, grupo=null], Concierto [id=3, fecha=2024-06-17, descripcion=concierto sorpresa en la madrugada, escenario=SECUNDARIO, grupo=null], Concierto [id=4, fecha=2024-06-18, descripcion=show acústico especial, escenario=ALTERNATIVO, grupo=null], Concierto [id=5, fecha=2024-06-19, descripcion=concierto con efectos visuales y luces, escenario=PRINCIPAL, grupo=null], Concierto [id=6, fecha=2024-06-20, descripcion=sesión electrónica indie, escenario=SECUNDARIO, grupo=null], Concierto [id=7, fecha=2024-06-21, descripcion=clausura del festival con los mejores éxitos, escenario=PRINCIPAL, grupo=null], Concierto [id=8, fecha=2024-06-22, descripcion=show especial con invitados sorpresa, escenario=ALTERNATIVO, grupo=null], Concierto [id=9, fecha=2024-06-23, descripcion=noche de rock alternativo, escenario=SECUNDARIO, grupo=null], Concierto [id=10, fecha=2024-06-24, descripcion=fiesta de despedida con banda estrella, escenario=PRINCIPAL, grupo=null]]
2026-01-14 13:19:43.104 [main] ERROR liveFest_utiles.XMLDomConciertos - C:\Users\alumno\Desktop\segundoDAM\JAVA\carlos_rodriguez_lobato_Recuperacion\src\main\resources\
            GRP001
            vetusta morla
            6
            contacto@vetustamorla.com
         (El nombre de archivo, el nombre de directorio o la sintaxis de la etiqueta del volumen no son correctos)
2026-01-14 13:19:43.107 [main] ERROR liveFest_utiles.XMLDomConciertos - C:\Users\alumno\Desktop\segundoDAM\JAVA\carlos_rodriguez_lobato_Recuperacion\src\main\resources\
            GRP002
            izal
            5
            info@izalband.com
         (El nombre de archivo, el nombre de directorio o la sintaxis de la etiqueta del volumen no son correctos)
2026-01-14 13:19:43.108 [main] ERROR liveFest_utiles.XMLDomConciertos - C:\Users\alumno\Desktop\segundoDAM\JAVA\carlos_rodriguez_lobato_Recuperacion\src\main\resources\
            GRP003
            miss caffeina
            4
            contacto@misscaffeina.com
         (El nombre de archivo, el nombre de directorio o la sintaxis de la etiqueta del volumen no son correctos)
2026-01-14 13:19:43.109 [main] ERROR liveFest_utiles.XMLDomConciertos - C:\Users\alumno\Desktop\segundoDAM\JAVA\carlos_rodriguez_lobato_Recuperacion\src\main\resources\
            GRP004
            la m.o.d.a.
            7
            booking@lamoda.com
         (El nombre de archivo, el nombre de directorio o la sintaxis de la etiqueta del volumen no son correctos)
2026-01-14 13:19:43.111 [main] ERROR liveFest_utiles.XMLDomConciertos - C:\Users\alumno\Desktop\segundoDAM\JAVA\carlos_rodriguez_lobato_Recuperacion\src\main\resources\
            GRP005
            love of lesbian
            6
            management@loveoflesbian.com
         (El nombre de archivo, el nombre de directorio o la sintaxis de la etiqueta del volumen no son correctos)
2026-01-14 13:19:43.112 [main] ERROR liveFest_utiles.XMLDomConciertos - C:\Users\alumno\Desktop\segundoDAM\JAVA\carlos_rodriguez_lobato_Recuperacion\src\main\resources\
            GRP006
            dorian
            5
            info@dorianmusic.com
         (El nombre de archivo, el nombre de directorio o la sintaxis de la etiqueta del volumen no son correctos)
2026-01-14 13:19:43.113 [main] ERROR liveFest_utiles.XMLDomConciertos - C:\Users\alumno\Desktop\segundoDAM\JAVA\carlos_rodriguez_lobato_Recuperacion\src\main\resources\
            GRP007
            sidonie
            3
            sidonie@management.com
         (El nombre de archivo, el nombre de directorio o la sintaxis de la etiqueta del volumen no son correctos)
2026-01-14 13:19:43.114 [main] ERROR liveFest_utiles.XMLDomConciertos - C:\Users\alumno\Desktop\segundoDAM\JAVA\carlos_rodriguez_lobato_Recuperacion\src\main\resources\
            GRP008
            fuel fandango
            2
            contact@fuelfandango.com
         (El nombre de archivo, el nombre de directorio o la sintaxis de la etiqueta del volumen no son correctos)
2026-01-14 13:19:43.115 [main] ERROR liveFest_utiles.XMLDomConciertos - C:\Users\alumno\Desktop\segundoDAM\JAVA\carlos_rodriguez_lobato_Recuperacion\src\main\resources\
            GRP009
            second
            4
            second@bandmail.com
         (El nombre de archivo, el nombre de directorio o la sintaxis de la etiqueta del volumen no son correctos)
2026-01-14 13:19:43.116 [main] ERROR liveFest_utiles.XMLDomConciertos - C:\Users\alumno\Desktop\segundoDAM\JAVA\carlos_rodriguez_lobato_Recuperacion\src\main\resources\
            GRP010
            supersubmarina
            4
            contacto@supersubmarina.com
         (El nombre de archivo, el nombre de directorio o la sintaxis de la etiqueta del volumen no son correctos)
2026-01-14 13:19:43.117 [main] INFO  liveFest_controlador.GestionaConciertos - [Concierto [id=1, fecha=2024-06-15, descripcion=apertura del festival con gran actuación, escenario=PRINCIPAL, grupo=null], Concierto [id=2, fecha=2024-06-16, descripcion=sesión indie en el escenario alternativo, escenario=ALTERNATIVO, grupo=null], Concierto [id=3, fecha=2024-06-17, descripcion=concierto sorpresa en la madrugada, escenario=SECUNDARIO, grupo=null], Concierto [id=4, fecha=2024-06-18, descripcion=show acústico especial, escenario=ALTERNATIVO, grupo=null], Concierto [id=5, fecha=2024-06-19, descripcion=concierto con efectos visuales y luces, escenario=PRINCIPAL, grupo=null], Concierto [id=6, fecha=2024-06-20, descripcion=sesión electrónica indie, escenario=SECUNDARIO, grupo=null], Concierto [id=7, fecha=2024-06-21, descripcion=clausura del festival con los mejores éxitos, escenario=PRINCIPAL, grupo=null], Concierto [id=8, fecha=2024-06-22, descripcion=show especial con invitados sorpresa, escenario=ALTERNATIVO, grupo=null], Concierto [id=9, fecha=2024-06-23, descripcion=noche de rock alternativo, escenario=SECUNDARIO, grupo=null], Concierto [id=10, fecha=2024-06-24, descripcion=fiesta de despedida con banda estrella, escenario=PRINCIPAL, grupo=null]]
2026-01-14 13:20:38.920 [main] ERROR liveFest_utiles.XMLDomConciertos - C:\Users\alumno\Desktop\segundoDAM\JAVA\carlos_rodriguez_lobato_Recuperacion\src\main\resources\
            GRP001
            vetusta morla
            6
            contacto@vetustamorla.com
         (El nombre de archivo, el nombre de directorio o la sintaxis de la etiqueta del volumen no son correctos)
2026-01-14 13:20:38.924 [main] ERROR liveFest_utiles.XMLDomConciertos - C:\Users\alumno\Desktop\segundoDAM\JAVA\carlos_rodriguez_lobato_Recuperacion\src\main\resources\
            GRP002
            izal
            5
            info@izalband.com
         (El nombre de archivo, el nombre de directorio o la sintaxis de la etiqueta del volumen no son correctos)
2026-01-14 13:20:38.925 [main] ERROR liveFest_utiles.XMLDomConciertos - C:\Users\alumno\Desktop\segundoDAM\JAVA\carlos_rodriguez_lobato_Recuperacion\src\main\resources\
            GRP003
            miss caffeina
            4
            contacto@misscaffeina.com
         (El nombre de archivo, el nombre de directorio o la sintaxis de la etiqueta del volumen no son correctos)
2026-01-14 13:20:38.926 [main] ERROR liveFest_utiles.XMLDomConciertos - C:\Users\alumno\Desktop\segundoDAM\JAVA\carlos_rodriguez_lobato_Recuperacion\src\main\resources\
            GRP004
            la m.o.d.a.
            7
            booking@lamoda.com
         (El nombre de archivo, el nombre de directorio o la sintaxis de la etiqueta del volumen no son correctos)
2026-01-14 13:20:38.927 [main] ERROR liveFest_utiles.XMLDomConciertos - C:\Users\alumno\Desktop\segundoDAM\JAVA\carlos_rodriguez_lobato_Recuperacion\src\main\resources\
            GRP005
            love of lesbian
            6
            management@loveoflesbian.com
         (El nombre de archivo, el nombre de directorio o la sintaxis de la etiqueta del volumen no son correctos)
2026-01-14 13:20:38.929 [main] ERROR liveFest_utiles.XMLDomConciertos - C:\Users\alumno\Desktop\segundoDAM\JAVA\carlos_rodriguez_lobato_Recuperacion\src\main\resources\
            GRP006
            dorian
            5
            info@dorianmusic.com
         (El nombre de archivo, el nombre de directorio o la sintaxis de la etiqueta del volumen no son correctos)
2026-01-14 13:20:38.930 [main] ERROR liveFest_utiles.XMLDomConciertos - C:\Users\alumno\Desktop\segundoDAM\JAVA\carlos_rodriguez_lobato_Recuperacion\src\main\resources\
            GRP007
            sidonie
            3
            sidonie@management.com
         (El nombre de archivo, el nombre de directorio o la sintaxis de la etiqueta del volumen no son correctos)
2026-01-14 13:20:38.931 [main] ERROR liveFest_utiles.XMLDomConciertos - C:\Users\alumno\Desktop\segundoDAM\JAVA\carlos_rodriguez_lobato_Recuperacion\src\main\resources\
            GRP008
            fuel fandango
            2
            contact@fuelfandango.com
         (El nombre de archivo, el nombre de directorio o la sintaxis de la etiqueta del volumen no son correctos)
2026-01-14 13:20:38.932 [main] ERROR liveFest_utiles.XMLDomConciertos - C:\Users\alumno\Desktop\segundoDAM\JAVA\carlos_rodriguez_lobato_Recuperacion\src\main\resources\
            GRP009
            second
            4
            second@bandmail.com
         (El nombre de archivo, el nombre de directorio o la sintaxis de la etiqueta del volumen no son correctos)
2026-01-14 13:20:38.933 [main] ERROR liveFest_utiles.XMLDomConciertos - C:\Users\alumno\Desktop\segundoDAM\JAVA\carlos_rodriguez_lobato_Recuperacion\src\main\resources\
            GRP010
            supersubmarina
            4
            contacto@supersubmarina.com
         (El nombre de archivo, el nombre de directorio o la sintaxis de la etiqueta del volumen no son correctos)
2026-01-14 13:20:38.935 [main] INFO  liveFest_controlador.GestionaConciertos - [Concierto [id=1, fecha=2024-06-15, descripcion=apertura del festival con gran actuación, escenario=PRINCIPAL, grupo=null], Concierto [id=2, fecha=2024-06-16, descripcion=sesión indie en el escenario alternativo, escenario=ALTERNATIVO, grupo=null], Concierto [id=3, fecha=2024-06-17, descripcion=concierto sorpresa en la madrugada, escenario=SECUNDARIO, grupo=null], Concierto [id=4, fecha=2024-06-18, descripcion=show acústico especial, escenario=ALTERNATIVO, grupo=null], Concierto [id=5, fecha=2024-06-19, descripcion=concierto con efectos visuales y luces, escenario=PRINCIPAL, grupo=null], Concierto [id=6, fecha=2024-06-20, descripcion=sesión electrónica indie, escenario=SECUNDARIO, grupo=null], Concierto [id=7, fecha=2024-06-21, descripcion=clausura del festival con los mejores éxitos, escenario=PRINCIPAL, grupo=null], Concierto [id=8, fecha=2024-06-22, descripcion=show especial con invitados sorpresa, escenario=ALTERNATIVO, grupo=null], Concierto [id=9, fecha=2024-06-23, descripcion=noche de rock alternativo, escenario=SECUNDARIO, grupo=null], Concierto [id=10, fecha=2024-06-24, descripcion=fiesta de despedida con banda estrella, escenario=PRINCIPAL, grupo=null]]
2026-01-14 13:22:32.146 [main] ERROR liveFest_utiles.XMLDomConciertos - C:\Users\alumno\Desktop\segundoDAM\JAVA\carlos_rodriguez_lobato_Recuperacion\src\main\resources\
            GRP001
            vetusta morla
            6
            contacto@vetustamorla.com
         (El nombre de archivo, el nombre de directorio o la sintaxis de la etiqueta del volumen no son correctos)
2026-01-14 13:22:32.149 [main] ERROR liveFest_utiles.XMLDomConciertos - C:\Users\alumno\Desktop\segundoDAM\JAVA\carlos_rodriguez_lobato_Recuperacion\src\main\resources\
            GRP002
            izal
            5
            info@izalband.com
         (El nombre de archivo, el nombre de directorio o la sintaxis de la etiqueta del volumen no son correctos)
2026-01-14 13:22:32.151 [main] ERROR liveFest_utiles.XMLDomConciertos - C:\Users\alumno\Desktop\segundoDAM\JAVA\carlos_rodriguez_lobato_Recuperacion\src\main\resources\
            GRP003
            miss caffeina
            4
            contacto@misscaffeina.com
         (El nombre de archivo, el nombre de directorio o la sintaxis de la etiqueta del volumen no son correctos)
2026-01-14 13:22:32.152 [main] ERROR liveFest_utiles.XMLDomConciertos - C:\Users\alumno\Desktop\segundoDAM\JAVA\carlos_rodriguez_lobato_Recuperacion\src\main\resources\
            GRP004
            la m.o.d.a.
            7
            booking@lamoda.com
         (El nombre de archivo, el nombre de directorio o la sintaxis de la etiqueta del volumen no son correctos)
2026-01-14 13:22:32.153 [main] ERROR liveFest_utiles.XMLDomConciertos - C:\Users\alumno\Desktop\segundoDAM\JAVA\carlos_rodriguez_lobato_Recuperacion\src\main\resources\
            GRP005
            love of lesbian
            6
            management@loveoflesbian.com
         (El nombre de archivo, el nombre de directorio o la sintaxis de la etiqueta del volumen no son correctos)
2026-01-14 13:22:32.154 [main] ERROR liveFest_utiles.XMLDomConciertos - C:\Users\alumno\Desktop\segundoDAM\JAVA\carlos_rodriguez_lobato_Recuperacion\src\main\resources\
            GRP006
            dorian
            5
            info@dorianmusic.com
         (El nombre de archivo, el nombre de directorio o la sintaxis de la etiqueta del volumen no son correctos)
2026-01-14 13:22:32.155 [main] ERROR liveFest_utiles.XMLDomConciertos - C:\Users\alumno\Desktop\segundoDAM\JAVA\carlos_rodriguez_lobato_Recuperacion\src\main\resources\
            GRP007
            sidonie
            3
            sidonie@management.com
         (El nombre de archivo, el nombre de directorio o la sintaxis de la etiqueta del volumen no son correctos)
2026-01-14 13:22:32.155 [main] ERROR liveFest_utiles.XMLDomConciertos - C:\Users\alumno\Desktop\segundoDAM\JAVA\carlos_rodriguez_lobato_Recuperacion\src\main\resources\
            GRP008
            fuel fandango
            2
            contact@fuelfandango.com
         (El nombre de archivo, el nombre de directorio o la sintaxis de la etiqueta del volumen no son correctos)
2026-01-14 13:22:32.156 [main] ERROR liveFest_utiles.XMLDomConciertos - C:\Users\alumno\Desktop\segundoDAM\JAVA\carlos_rodriguez_lobato_Recuperacion\src\main\resources\
            GRP009
            second
            4
            second@bandmail.com
         (El nombre de archivo, el nombre de directorio o la sintaxis de la etiqueta del volumen no son correctos)
2026-01-14 13:22:32.157 [main] ERROR liveFest_utiles.XMLDomConciertos - C:\Users\alumno\Desktop\segundoDAM\JAVA\carlos_rodriguez_lobato_Recuperacion\src\main\resources\
            GRP010
            supersubmarina
            4
            contacto@supersubmarina.com
         (El nombre de archivo, el nombre de directorio o la sintaxis de la etiqueta del volumen no son correctos)
2026-01-14 13:22:32.159 [main] INFO  liveFest_controlador.GestionaConciertos - [Concierto [id=1, fecha=2024-06-15, descripcion=apertura del festival con gran actuación, escenario=PRINCIPAL, grupo=null], Concierto [id=2, fecha=2024-06-16, descripcion=sesión indie en el escenario alternativo, escenario=ALTERNATIVO, grupo=null], Concierto [id=3, fecha=2024-06-17, descripcion=concierto sorpresa en la madrugada, escenario=SECUNDARIO, grupo=null], Concierto [id=4, fecha=2024-06-18, descripcion=show acústico especial, escenario=ALTERNATIVO, grupo=null], Concierto [id=5, fecha=2024-06-19, descripcion=concierto con efectos visuales y luces, escenario=PRINCIPAL, grupo=null], Concierto [id=6, fecha=2024-06-20, descripcion=sesión electrónica indie, escenario=SECUNDARIO, grupo=null], Concierto [id=7, fecha=2024-06-21, descripcion=clausura del festival con los mejores éxitos, escenario=PRINCIPAL, grupo=null], Concierto [id=8, fecha=2024-06-22, descripcion=show especial con invitados sorpresa, escenario=ALTERNATIVO, grupo=null], Concierto [id=9, fecha=2024-06-23, descripcion=noche de rock alternativo, escenario=SECUNDARIO, grupo=null], Concierto [id=10, fecha=2024-06-24, descripcion=fiesta de despedida con banda estrella, escenario=PRINCIPAL, grupo=null]]
2026-01-14 13:23:20.745 [main] ERROR liveFest_utiles.XMLDomConciertos - C:\Users\alumno\Desktop\segundoDAM\JAVA\carlos_rodriguez_lobato_Recuperacion\src\main\resources\src\main\resources (El sistema no puede encontrar la ruta especificada)
2026-01-14 13:23:20.748 [main] ERROR liveFest_utiles.XMLDomConciertos - C:\Users\alumno\Desktop\segundoDAM\JAVA\carlos_rodriguez_lobato_Recuperacion\src\main\resources\src\main\resources (El sistema no puede encontrar la ruta especificada)
2026-01-14 13:23:20.750 [main] ERROR liveFest_utiles.XMLDomConciertos - C:\Users\alumno\Desktop\segundoDAM\JAVA\carlos_rodriguez_lobato_Recuperacion\src\main\resources\src\main\resources (El sistema no puede encontrar la ruta especificada)
2026-01-14 13:23:20.750 [main] ERROR liveFest_utiles.XMLDomConciertos - C:\Users\alumno\Desktop\segundoDAM\JAVA\carlos_rodriguez_lobato_Recuperacion\src\main\resources\src\main\resources (El sistema no puede encontrar la ruta especificada)
2026-01-14 13:23:20.751 [main] ERROR liveFest_utiles.XMLDomConciertos - C:\Users\alumno\Desktop\segundoDAM\JAVA\carlos_rodriguez_lobato_Recuperacion\src\main\resources\src\main\resources (El sistema no puede encontrar la ruta especificada)
2026-01-14 13:23:20.752 [main] ERROR liveFest_utiles.XMLDomConciertos - C:\Users\alumno\Desktop\segundoDAM\JAVA\carlos_rodriguez_lobato_Recuperacion\src\main\resources\src\main\resources (El sistema no puede encontrar la ruta especificada)
2026-01-14 13:23:20.753 [main] ERROR liveFest_utiles.XMLDomConciertos - C:\Users\alumno\Desktop\segundoDAM\JAVA\carlos_rodriguez_lobato_Recuperacion\src\main\resources\src\main\resources (El sistema no puede encontrar la ruta especificada)
2026-01-14 13:23:20.754 [main] ERROR liveFest_utiles.XMLDomConciertos - C:\Users\alumno\Desktop\segundoDAM\JAVA\carlos_rodriguez_lobato_Recuperacion\src\main\resources\src\main\resources (El sistema no puede encontrar la ruta especificada)
2026-01-14 13:23:20.756 [main] ERROR liveFest_utiles.XMLDomConciertos - C:\Users\alumno\Desktop\segundoDAM\JAVA\carlos_rodriguez_lobato_Recuperacion\src\main\resources\src\main\resources (El sistema no puede encontrar la ruta especificada)
2026-01-14 13:23:20.758 [main] ERROR liveFest_utiles.XMLDomConciertos - C:\Users\alumno\Desktop\segundoDAM\JAVA\carlos_rodriguez_lobato_Recuperacion\src\main\resources\src\main\resources (El sistema no puede encontrar la ruta especificada)
2026-01-14 13:23:20.759 [main] INFO  liveFest_controlador.GestionaConciertos - [Concierto [id=1, fecha=2024-06-15, descripcion=apertura del festival con gran actuación, escenario=PRINCIPAL, grupo=null], Concierto [id=2, fecha=2024-06-16, descripcion=sesión indie en el escenario alternativo, escenario=ALTERNATIVO, grupo=null], Concierto [id=3, fecha=2024-06-17, descripcion=concierto sorpresa en la madrugada, escenario=SECUNDARIO, grupo=null], Concierto [id=4, fecha=2024-06-18, descripcion=show acústico especial, escenario=ALTERNATIVO, grupo=null], Concierto [id=5, fecha=2024-06-19, descripcion=concierto con efectos visuales y luces, escenario=PRINCIPAL, grupo=null], Concierto [id=6, fecha=2024-06-20, descripcion=sesión electrónica indie, escenario=SECUNDARIO, grupo=null], Concierto [id=7, fecha=2024-06-21, descripcion=clausura del festival con los mejores éxitos, escenario=PRINCIPAL, grupo=null], Concierto [id=8, fecha=2024-06-22, descripcion=show especial con invitados sorpresa, escenario=ALTERNATIVO, grupo=null], Concierto [id=9, fecha=2024-06-23, descripcion=noche de rock alternativo, escenario=SECUNDARIO, grupo=null], Concierto [id=10, fecha=2024-06-24, descripcion=fiesta de despedida con banda estrella, escenario=PRINCIPAL, grupo=null]]
2026-01-14 13:37:48.837 [main] ERROR liveFest_utiles.XMLDomConciertos - C:\Users\alumno\Desktop\segundoDAM\JAVA\carlos_rodriguez_lobato_Recuperacion\src\main\resources\src\main\resources (El sistema no puede encontrar la ruta especificada)
2026-01-14 13:37:48.840 [main] ERROR liveFest_utiles.XMLDomConciertos - C:\Users\alumno\Desktop\segundoDAM\JAVA\carlos_rodriguez_lobato_Recuperacion\src\main\resources\src\main\resources (El sistema no puede encontrar la ruta especificada)
2026-01-14 13:37:48.841 [main] ERROR liveFest_utiles.XMLDomConciertos - C:\Users\alumno\Desktop\segundoDAM\JAVA\carlos_rodriguez_lobato_Recuperacion\src\main\resources\src\main\resources (El sistema no puede encontrar la ruta especificada)
2026-01-14 13:37:48.842 [main] ERROR liveFest_utiles.XMLDomConciertos - C:\Users\alumno\Desktop\segundoDAM\JAVA\carlos_rodriguez_lobato_Recuperacion\src\main\resources\src\main\resources (El sistema no puede encontrar la ruta especificada)
2026-01-14 13:37:48.844 [main] ERROR liveFest_utiles.XMLDomConciertos - C:\Users\alumno\Desktop\segundoDAM\JAVA\carlos_rodriguez_lobato_Recuperacion\src\main\resources\src\main\resources (El sistema no puede encontrar la ruta especificada)
2026-01-14 13:37:48.844 [main] ERROR liveFest_utiles.XMLDomConciertos - C:\Users\alumno\Desktop\segundoDAM\JAVA\carlos_rodriguez_lobato_Recuperacion\src\main\resources\src\main\resources (El sistema no puede encontrar la ruta especificada)
2026-01-14 13:37:48.845 [main] ERROR liveFest_utiles.XMLDomConciertos - C:\Users\alumno\Desktop\segundoDAM\JAVA\carlos_rodriguez_lobato_Recuperacion\src\main\resources\src\main\resources (El sistema no puede encontrar la ruta especificada)
2026-01-14 13:37:48.846 [main] ERROR liveFest_utiles.XMLDomConciertos - C:\Users\alumno\Desktop\segundoDAM\JAVA\carlos_rodriguez_lobato_Recuperacion\src\main\resources\src\main\resources (El sistema no puede encontrar la ruta especificada)
2026-01-14 13:37:48.847 [main] ERROR liveFest_utiles.XMLDomConciertos - C:\Users\alumno\Desktop\segundoDAM\JAVA\carlos_rodriguez_lobato_Recuperacion\src\main\resources\src\main\resources (El sistema no puede encontrar la ruta especificada)
2026-01-14 13:37:48.848 [main] ERROR liveFest_utiles.XMLDomConciertos - C:\Users\alumno\Desktop\segundoDAM\JAVA\carlos_rodriguez_lobato_Recuperacion\src\main\resources\src\main\resources (El sistema no puede encontrar la ruta especificada)
2026-01-14 13:37:48.852 [main] ERROR liveFest_utiles.XMLDomConciertos - C:\Users\alumno\Desktop\segundoDAM\JAVA\carlos_rodriguez_lobato_Recuperacion\src\main\resources\src\main\resources (El sistema no puede encontrar la ruta especificada)
2026-01-14 13:37:48.852 [main] ERROR liveFest_utiles.XMLDomConciertos - C:\Users\alumno\Desktop\segundoDAM\JAVA\carlos_rodriguez_lobato_Recuperacion\src\main\resources\src\main\resources (El sistema no puede encontrar la ruta especificada)
2026-01-14 13:37:48.853 [main] ERROR liveFest_utiles.XMLDomConciertos - C:\Users\alumno\Desktop\segundoDAM\JAVA\carlos_rodriguez_lobato_Recuperacion\src\main\resources\src\main\resources (El sistema no puede encontrar la ruta especificada)
2026-01-14 13:37:48.854 [main] ERROR liveFest_utiles.XMLDomConciertos - C:\Users\alumno\Desktop\segundoDAM\JAVA\carlos_rodriguez_lobato_Recuperacion\src\main\resources\src\main\resources (El sistema no puede encontrar la ruta especificada)
2026-01-14 13:37:48.855 [main] ERROR liveFest_utiles.XMLDomConciertos - C:\Users\alumno\Desktop\segundoDAM\JAVA\carlos_rodriguez_lobato_Recuperacion\src\main\resources\src\main\resources (El sistema no puede encontrar la ruta especificada)
2026-01-14 13:37:48.856 [main] ERROR liveFest_utiles.XMLDomConciertos - C:\Users\alumno\Desktop\segundoDAM\JAVA\carlos_rodriguez_lobato_Recuperacion\src\main\resources\src\main\resources (El sistema no puede encontrar la ruta especificada)
2026-01-14 13:37:48.857 [main] ERROR liveFest_utiles.XMLDomConciertos - C:\Users\alumno\Desktop\segundoDAM\JAVA\carlos_rodriguez_lobato_Recuperacion\src\main\resources\src\main\resources (El sistema no puede encontrar la ruta especificada)
2026-01-14 13:37:48.858 [main] ERROR liveFest_utiles.XMLDomConciertos - C:\Users\alumno\Desktop\segundoDAM\JAVA\carlos_rodriguez_lobato_Recuperacion\src\main\resources\src\main\resources (El sistema no puede encontrar la ruta especificada)
2026-01-14 13:37:48.858 [main] ERROR liveFest_utiles.XMLDomConciertos - C:\Users\alumno\Desktop\segundoDAM\JAVA\carlos_rodriguez_lobato_Recuperacion\src\main\resources\src\main\resources (El sistema no puede encontrar la ruta especificada)
2026-01-14 13:37:48.859 [main] ERROR liveFest_utiles.XMLDomConciertos - C:\Users\alumno\Desktop\segundoDAM\JAVA\carlos_rodriguez_lobato_Recuperacion\src\main\resources\src\main\resources (El sistema no puede encontrar la ruta especificada)
2026-01-14 13:37:48.859 [main] INFO  liveFest_controlador.GestionaConciertos - [Concierto [id=1, fecha=2024-06-15, descripcion=apertura del festival con gran actuación, escenario=PRINCIPAL, grupo=null], Concierto [id=2, fecha=2024-06-16, descripcion=sesión indie en el escenario alternativo, escenario=ALTERNATIVO, grupo=null], Concierto [id=3, fecha=2024-06-17, descripcion=concierto sorpresa en la madrugada, escenario=SECUNDARIO, grupo=null], Concierto [id=4, fecha=2024-06-18, descripcion=show acústico especial, escenario=ALTERNATIVO, grupo=null], Concierto [id=5, fecha=2024-06-19, descripcion=concierto con efectos visuales y luces, escenario=PRINCIPAL, grupo=null], Concierto [id=6, fecha=2024-06-20, descripcion=sesión electrónica indie, escenario=SECUNDARIO, grupo=null], Concierto [id=7, fecha=2024-06-21, descripcion=clausura del festival con los mejores éxitos, escenario=PRINCIPAL, grupo=null], Concierto [id=8, fecha=2024-06-22, descripcion=show especial con invitados sorpresa, escenario=ALTERNATIVO, grupo=null], Concierto [id=9, fecha=2024-06-23, descripcion=noche de rock alternativo, escenario=SECUNDARIO, grupo=null], Concierto [id=10, fecha=2024-06-24, descripcion=fiesta de despedida con banda estrella, escenario=PRINCIPAL, grupo=null]]
2026-01-14 13:38:12.598 [main] INFO  liveFest_controlador.GestionaConciertos - [Concierto [id=1, fecha=2024-06-15, descripcion=apertura del festival con gran actuación, escenario=PRINCIPAL, grupo=null], Concierto [id=2, fecha=2024-06-16, descripcion=sesión indie en el escenario alternativo, escenario=ALTERNATIVO, grupo=null], Concierto [id=3, fecha=2024-06-17, descripcion=concierto sorpresa en la madrugada, escenario=SECUNDARIO, grupo=null], Concierto [id=4, fecha=2024-06-18, descripcion=show acústico especial, escenario=ALTERNATIVO, grupo=null], Concierto [id=5, fecha=2024-06-19, descripcion=concierto con efectos visuales y luces, escenario=PRINCIPAL, grupo=null], Concierto [id=6, fecha=2024-06-20, descripcion=sesión electrónica indie, escenario=SECUNDARIO, grupo=null], Concierto [id=7, fecha=2024-06-21, descripcion=clausura del festival con los mejores éxitos, escenario=PRINCIPAL, grupo=null], Concierto [id=8, fecha=2024-06-22, descripcion=show especial con invitados sorpresa, escenario=ALTERNATIVO, grupo=null], Concierto [id=9, fecha=2024-06-23, descripcion=noche de rock alternativo, escenario=SECUNDARIO, grupo=null], Concierto [id=10, fecha=2024-06-24, descripcion=fiesta de despedida con banda estrella, escenario=PRINCIPAL, grupo=null]]
2026-01-14 13:39:44.008 [main] INFO  liveFest_controlador.GestionaConciertos - [Concierto [id=1, fecha=2024-06-15, descripcion=apertura del festival con gran actuación, escenario=PRINCIPAL, grupo=null], Concierto [id=2, fecha=2024-06-16, descripcion=sesión indie en el escenario alternativo, escenario=ALTERNATIVO, grupo=null], Concierto [id=3, fecha=2024-06-17, descripcion=concierto sorpresa en la madrugada, escenario=SECUNDARIO, grupo=null], Concierto [id=4, fecha=2024-06-18, descripcion=show acústico especial, escenario=ALTERNATIVO, grupo=null], Concierto [id=5, fecha=2024-06-19, descripcion=concierto con efectos visuales y luces, escenario=PRINCIPAL, grupo=null], Concierto [id=6, fecha=2024-06-20, descripcion=sesión electrónica indie, escenario=SECUNDARIO, grupo=null], Concierto [id=7, fecha=2024-06-21, descripcion=clausura del festival con los mejores éxitos, escenario=PRINCIPAL, grupo=null], Concierto [id=8, fecha=2024-06-22, descripcion=show especial con invitados sorpresa, escenario=ALTERNATIVO, grupo=null], Concierto [id=9, fecha=2024-06-23, descripcion=noche de rock alternativo, escenario=SECUNDARIO, grupo=null], Concierto [id=10, fecha=2024-06-24, descripcion=fiesta de despedida con banda estrella, escenario=PRINCIPAL, grupo=null]]
2026-01-14 13:40:57.617 [main] INFO  liveFest_controlador.GestionaConciertos - [Concierto [id=1, fecha=2024-06-15, descripcion=apertura del festival con gran actuación, escenario=PRINCIPAL, grupo=null], Concierto [id=2, fecha=2024-06-16, descripcion=sesión indie en el escenario alternativo, escenario=ALTERNATIVO, grupo=null], Concierto [id=3, fecha=2024-06-17, descripcion=concierto sorpresa en la madrugada, escenario=SECUNDARIO, grupo=null], Concierto [id=4, fecha=2024-06-18, descripcion=show acústico especial, escenario=ALTERNATIVO, grupo=null], Concierto [id=5, fecha=2024-06-19, descripcion=concierto con efectos visuales y luces, escenario=PRINCIPAL, grupo=null], Concierto [id=6, fecha=2024-06-20, descripcion=sesión electrónica indie, escenario=SECUNDARIO, grupo=null], Concierto [id=7, fecha=2024-06-21, descripcion=clausura del festival con los mejores éxitos, escenario=PRINCIPAL, grupo=null], Concierto [id=8, fecha=2024-06-22, descripcion=show especial con invitados sorpresa, escenario=ALTERNATIVO, grupo=null], Concierto [id=9, fecha=2024-06-23, descripcion=noche de rock alternativo, escenario=SECUNDARIO, grupo=null], Concierto [id=10, fecha=2024-06-24, descripcion=fiesta de despedida con banda estrella, escenario=PRINCIPAL, grupo=null]]
2026-01-14 13:44:15.477 [main] INFO  liveFest_controlador.GestionaConciertos - [Concierto [id=1, fecha=2024-06-15, descripcion=apertura del festival con gran actuación, escenario=PRINCIPAL, grupo=null], Concierto [id=2, fecha=2024-06-16, descripcion=sesión indie en el escenario alternativo, escenario=ALTERNATIVO, grupo=null], Concierto [id=3, fecha=2024-06-17, descripcion=concierto sorpresa en la madrugada, escenario=SECUNDARIO, grupo=null], Concierto [id=4, fecha=2024-06-18, descripcion=show acústico especial, escenario=ALTERNATIVO, grupo=null], Concierto [id=5, fecha=2024-06-19, descripcion=concierto con efectos visuales y luces, escenario=PRINCIPAL, grupo=null], Concierto [id=6, fecha=2024-06-20, descripcion=sesión electrónica indie, escenario=SECUNDARIO, grupo=null], Concierto [id=7, fecha=2024-06-21, descripcion=clausura del festival con los mejores éxitos, escenario=PRINCIPAL, grupo=null], Concierto [id=8, fecha=2024-06-22, descripcion=show especial con invitados sorpresa, escenario=ALTERNATIVO, grupo=null], Concierto [id=9, fecha=2024-06-23, descripcion=noche de rock alternativo, escenario=SECUNDARIO, grupo=null], Concierto [id=10, fecha=2024-06-24, descripcion=fiesta de despedida con banda estrella, escenario=PRINCIPAL, grupo=null]]
2026-01-14 13:44:15.480 [main] ERROR liveFest_utiles.XMLDomConciertos - C:\Users\alumno\Desktop\segundoDAM\JAVA\carlos_rodriguez_lobato_Recuperacion\src\main\resources\src\main\resources\conciertos.csv (El sistema no puede encontrar la ruta especificada)
2026-01-14 13:45:05.706 [main] INFO  liveFest_controlador.GestionaConciertos - [Concierto [id=1, fecha=2024-06-15, descripcion=apertura del festival con gran actuación, escenario=PRINCIPAL, grupo=null], Concierto [id=2, fecha=2024-06-16, descripcion=sesión indie en el escenario alternativo, escenario=ALTERNATIVO, grupo=null], Concierto [id=3, fecha=2024-06-17, descripcion=concierto sorpresa en la madrugada, escenario=SECUNDARIO, grupo=null], Concierto [id=4, fecha=2024-06-18, descripcion=show acústico especial, escenario=ALTERNATIVO, grupo=null], Concierto [id=5, fecha=2024-06-19, descripcion=concierto con efectos visuales y luces, escenario=PRINCIPAL, grupo=null], Concierto [id=6, fecha=2024-06-20, descripcion=sesión electrónica indie, escenario=SECUNDARIO, grupo=null], Concierto [id=7, fecha=2024-06-21, descripcion=clausura del festival con los mejores éxitos, escenario=PRINCIPAL, grupo=null], Concierto [id=8, fecha=2024-06-22, descripcion=show especial con invitados sorpresa, escenario=ALTERNATIVO, grupo=null], Concierto [id=9, fecha=2024-06-23, descripcion=noche de rock alternativo, escenario=SECUNDARIO, grupo=null], Concierto [id=10, fecha=2024-06-24, descripcion=fiesta de despedida con banda estrella, escenario=PRINCIPAL, grupo=null]]
2026-01-14 13:45:05.709 [main] ERROR liveFest_utiles.XMLDomConciertos - C:\Users\alumno\Desktop\segundoDAM\JAVA\carlos_rodriguez_lobato_Recuperacion\src\main\resources\src\main\resources (El sistema no puede encontrar la ruta especificada)
2026-01-14 13:46:51.567 [main] INFO  liveFest_controlador.GestionaConciertos - [Concierto [id=1, fecha=2024-06-15, descripcion=apertura del festival con gran actuación, escenario=PRINCIPAL, grupo=null], Concierto [id=2, fecha=2024-06-16, descripcion=sesión indie en el escenario alternativo, escenario=ALTERNATIVO, grupo=null], Concierto [id=3, fecha=2024-06-17, descripcion=concierto sorpresa en la madrugada, escenario=SECUNDARIO, grupo=null], Concierto [id=4, fecha=2024-06-18, descripcion=show acústico especial, escenario=ALTERNATIVO, grupo=null], Concierto [id=5, fecha=2024-06-19, descripcion=concierto con efectos visuales y luces, escenario=PRINCIPAL, grupo=null], Concierto [id=6, fecha=2024-06-20, descripcion=sesión electrónica indie, escenario=SECUNDARIO, grupo=null], Concierto [id=7, fecha=2024-06-21, descripcion=clausura del festival con los mejores éxitos, escenario=PRINCIPAL, grupo=null], Concierto [id=8, fecha=2024-06-22, descripcion=show especial con invitados sorpresa, escenario=ALTERNATIVO, grupo=null], Concierto [id=9, fecha=2024-06-23, descripcion=noche de rock alternativo, escenario=SECUNDARIO, grupo=null], Concierto [id=10, fecha=2024-06-24, descripcion=fiesta de despedida con banda estrella, escenario=PRINCIPAL, grupo=null]]
2026-01-14 13:46:51.570 [main] ERROR liveFest_utiles.XMLDomConciertos - C:\Users\alumno\Desktop\segundoDAM\JAVA\carlos_rodriguez_lobato_Recuperacion\src\main\resources\src\main\resources (El sistema no puede encontrar la ruta especificada)
2026-01-14 13:47:38.846 [main] INFO  liveFest_controlador.GestionaConciertos - [Concierto [id=1, fecha=2024-06-15, descripcion=apertura del festival con gran actuación, escenario=PRINCIPAL, grupo=null], Concierto [id=2, fecha=2024-06-16, descripcion=sesión indie en el escenario alternativo, escenario=ALTERNATIVO, grupo=null], Concierto [id=3, fecha=2024-06-17, descripcion=concierto sorpresa en la madrugada, escenario=SECUNDARIO, grupo=null], Concierto [id=4, fecha=2024-06-18, descripcion=show acústico especial, escenario=ALTERNATIVO, grupo=null], Concierto [id=5, fecha=2024-06-19, descripcion=concierto con efectos visuales y luces, escenario=PRINCIPAL, grupo=null], Concierto [id=6, fecha=2024-06-20, descripcion=sesión electrónica indie, escenario=SECUNDARIO, grupo=null], Concierto [id=7, fecha=2024-06-21, descripcion=clausura del festival con los mejores éxitos, escenario=PRINCIPAL, grupo=null], Concierto [id=8, fecha=2024-06-22, descripcion=show especial con invitados sorpresa, escenario=ALTERNATIVO, grupo=null], Concierto [id=9, fecha=2024-06-23, descripcion=noche de rock alternativo, escenario=SECUNDARIO, grupo=null], Concierto [id=10, fecha=2024-06-24, descripcion=fiesta de despedida con banda estrella, escenario=PRINCIPAL, grupo=null]]
2026-01-14 13:47:38.850 [main] ERROR liveFest_utiles.XMLDomConciertos - C:\Users\alumno\Desktop\segundoDAM\JAVA\carlos_rodriguez_lobato_Recuperacion\src\main\resources\src\main\resources (El sistema no puede encontrar la ruta especificada)
2026-01-14 13:48:08.275 [main] INFO  liveFest_controlador.GestionaConciertos - [Concierto [id=1, fecha=2024-06-15, descripcion=apertura del festival con gran actuación, escenario=PRINCIPAL, grupo=null], Concierto [id=2, fecha=2024-06-16, descripcion=sesión indie en el escenario alternativo, escenario=ALTERNATIVO, grupo=null], Concierto [id=3, fecha=2024-06-17, descripcion=concierto sorpresa en la madrugada, escenario=SECUNDARIO, grupo=null], Concierto [id=4, fecha=2024-06-18, descripcion=show acústico especial, escenario=ALTERNATIVO, grupo=null], Concierto [id=5, fecha=2024-06-19, descripcion=concierto con efectos visuales y luces, escenario=PRINCIPAL, grupo=null], Concierto [id=6, fecha=2024-06-20, descripcion=sesión electrónica indie, escenario=SECUNDARIO, grupo=null], Concierto [id=7, fecha=2024-06-21, descripcion=clausura del festival con los mejores éxitos, escenario=PRINCIPAL, grupo=null], Concierto [id=8, fecha=2024-06-22, descripcion=show especial con invitados sorpresa, escenario=ALTERNATIVO, grupo=null], Concierto [id=9, fecha=2024-06-23, descripcion=noche de rock alternativo, escenario=SECUNDARIO, grupo=null], Concierto [id=10, fecha=2024-06-24, descripcion=fiesta de despedida con banda estrella, escenario=PRINCIPAL, grupo=null]]
2026-01-14 13:48:08.279 [main] ERROR liveFest_utiles.XMLDomConciertos - C:\Users\alumno\Desktop\segundoDAM\JAVA\carlos_rodriguez_lobato_Recuperacion\src\main\resources\src\main\resources (El sistema no puede encontrar la ruta especificada)
2026-01-14 13:50:15.338 [main] INFO  liveFest_controlador.GestionaConciertos - [Concierto [id=1, fecha=2024-06-15, descripcion=apertura del festival con gran actuación, escenario=PRINCIPAL, grupo=null], Concierto [id=2, fecha=2024-06-16, descripcion=sesión indie en el escenario alternativo, escenario=ALTERNATIVO, grupo=null], Concierto [id=3, fecha=2024-06-17, descripcion=concierto sorpresa en la madrugada, escenario=SECUNDARIO, grupo=null], Concierto [id=4, fecha=2024-06-18, descripcion=show acústico especial, escenario=ALTERNATIVO, grupo=null], Concierto [id=5, fecha=2024-06-19, descripcion=concierto con efectos visuales y luces, escenario=PRINCIPAL, grupo=null], Concierto [id=6, fecha=2024-06-20, descripcion=sesión electrónica indie, escenario=SECUNDARIO, grupo=null], Concierto [id=7, fecha=2024-06-21, descripcion=clausura del festival con los mejores éxitos, escenario=PRINCIPAL, grupo=null], Concierto [id=8, fecha=2024-06-22, descripcion=show especial con invitados sorpresa, escenario=ALTERNATIVO, grupo=null], Concierto [id=9, fecha=2024-06-23, descripcion=noche de rock alternativo, escenario=SECUNDARIO, grupo=null], Concierto [id=10, fecha=2024-06-24, descripcion=fiesta de despedida con banda estrella, escenario=PRINCIPAL, grupo=null]]
2026-01-14 13:50:15.340 [main] INFO  liveFest_controlador.GestionaConciertos - Grupo [nombre=Grupo1, codigo=Cogido1, numIntegrantes=5, email=email@gmail.com]
2026-01-14 13:51:16.299 [main] INFO  liveFest_controlador.GestionaConciertos - [Concierto [id=1, fecha=2024-06-15, descripcion=apertura del festival con gran actuación, escenario=PRINCIPAL, grupo=null], Concierto [id=2, fecha=2024-06-16, descripcion=sesión indie en el escenario alternativo, escenario=ALTERNATIVO, grupo=null], Concierto [id=3, fecha=2024-06-17, descripcion=concierto sorpresa en la madrugada, escenario=SECUNDARIO, grupo=null], Concierto [id=4, fecha=2024-06-18, descripcion=show acústico especial, escenario=ALTERNATIVO, grupo=null], Concierto [id=5, fecha=2024-06-19, descripcion=concierto con efectos visuales y luces, escenario=PRINCIPAL, grupo=null], Concierto [id=6, fecha=2024-06-20, descripcion=sesión electrónica indie, escenario=SECUNDARIO, grupo=null], Concierto [id=7, fecha=2024-06-21, descripcion=clausura del festival con los mejores éxitos, escenario=PRINCIPAL, grupo=null], Concierto [id=8, fecha=2024-06-22, descripcion=show especial con invitados sorpresa, escenario=ALTERNATIVO, grupo=null], Concierto [id=9, fecha=2024-06-23, descripcion=noche de rock alternativo, escenario=SECUNDARIO, grupo=null], Concierto [id=10, fecha=2024-06-24, descripcion=fiesta de despedida con banda estrella, escenario=PRINCIPAL, grupo=null]]
2026-01-14 13:51:16.301 [main] INFO  liveFest_repositorio.RegistroFestival - Grupo añadido.
2026-01-14 13:51:16.301 [main] INFO  liveFest_controlador.GestionaConciertos - Grupo [nombre=Grupo1, codigo=Cogido1, numIntegrantes=5, email=email@gmail.com]
2026-01-14 13:53:33.745 [main] INFO  liveFest_controlador.GestionaConciertos - [Concierto [id=1, fecha=2024-06-15, descripcion=apertura del festival con gran actuación, escenario=PRINCIPAL, grupo=null], Concierto [id=2, fecha=2024-06-16, descripcion=sesión indie en el escenario alternativo, escenario=ALTERNATIVO, grupo=null], Concierto [id=3, fecha=2024-06-17, descripcion=concierto sorpresa en la madrugada, escenario=SECUNDARIO, grupo=null], Concierto [id=4, fecha=2024-06-18, descripcion=show acústico especial, escenario=ALTERNATIVO, grupo=null], Concierto [id=5, fecha=2024-06-19, descripcion=concierto con efectos visuales y luces, escenario=PRINCIPAL, grupo=null], Concierto [id=6, fecha=2024-06-20, descripcion=sesión electrónica indie, escenario=SECUNDARIO, grupo=null], Concierto [id=7, fecha=2024-06-21, descripcion=clausura del festival con los mejores éxitos, escenario=PRINCIPAL, grupo=null], Concierto [id=8, fecha=2024-06-22, descripcion=show especial con invitados sorpresa, escenario=ALTERNATIVO, grupo=null], Concierto [id=9, fecha=2024-06-23, descripcion=noche de rock alternativo, escenario=SECUNDARIO, grupo=null], Concierto [id=10, fecha=2024-06-24, descripcion=fiesta de despedida con banda estrella, escenario=PRINCIPAL, grupo=null]]
2026-01-14 13:53:33.747 [main] INFO  liveFest_repositorio.RegistroFestival - Grupo añadido.
2026-01-14 13:53:33.748 [main] INFO  liveFest_controlador.GestionaConciertos - Grupo [nombre=Grupo1, codigo=Cogido1, numIntegrantes=5, email=email@gmail.com]
2026-01-14 13:55:06.267 [main] INFO  liveFest_controlador.GestionaConciertos - [Concierto [id=1, fecha=2024-06-15, descripcion=apertura del festival con gran actuación, escenario=PRINCIPAL, grupo=null], Concierto [id=2, fecha=2024-06-16, descripcion=sesión indie en el escenario alternativo, escenario=ALTERNATIVO, grupo=null], Concierto [id=3, fecha=2024-06-17, descripcion=concierto sorpresa en la madrugada, escenario=SECUNDARIO, grupo=null], Concierto [id=4, fecha=2024-06-18, descripcion=show acústico especial, escenario=ALTERNATIVO, grupo=null], Concierto [id=5, fecha=2024-06-19, descripcion=concierto con efectos visuales y luces, escenario=PRINCIPAL, grupo=null], Concierto [id=6, fecha=2024-06-20, descripcion=sesión electrónica indie, escenario=SECUNDARIO, grupo=null], Concierto [id=7, fecha=2024-06-21, descripcion=clausura del festival con los mejores éxitos, escenario=PRINCIPAL, grupo=null], Concierto [id=8, fecha=2024-06-22, descripcion=show especial con invitados sorpresa, escenario=ALTERNATIVO, grupo=null], Concierto [id=9, fecha=2024-06-23, descripcion=noche de rock alternativo, escenario=SECUNDARIO, grupo=null], Concierto [id=10, fecha=2024-06-24, descripcion=fiesta de despedida con banda estrella, escenario=PRINCIPAL, grupo=null]]
2026-01-14 13:55:06.270 [main] INFO  liveFest_repositorio.RegistroFestival - Grupo añadido.
2026-01-14 13:55:06.270 [main] INFO  liveFest_controlador.GestionaConciertos - Grupo [nombre=Grupo1, codigo=Cogido1, numIntegrantes=5, email=email@gmail.com]
2026-01-14 13:55:26.029 [main] INFO  liveFest_controlador.GestionaConciertos - [Concierto [id=1, fecha=2024-06-15, descripcion=apertura del festival con gran actuación, escenario=PRINCIPAL, grupo=null], Concierto [id=2, fecha=2024-06-16, descripcion=sesión indie en el escenario alternativo, escenario=ALTERNATIVO, grupo=null], Concierto [id=3, fecha=2024-06-17, descripcion=concierto sorpresa en la madrugada, escenario=SECUNDARIO, grupo=null], Concierto [id=4, fecha=2024-06-18, descripcion=show acústico especial, escenario=ALTERNATIVO, grupo=null], Concierto [id=5, fecha=2024-06-19, descripcion=concierto con efectos visuales y luces, escenario=PRINCIPAL, grupo=null], Concierto [id=6, fecha=2024-06-20, descripcion=sesión electrónica indie, escenario=SECUNDARIO, grupo=null], Concierto [id=7, fecha=2024-06-21, descripcion=clausura del festival con los mejores éxitos, escenario=PRINCIPAL, grupo=null], Concierto [id=8, fecha=2024-06-22, descripcion=show especial con invitados sorpresa, escenario=ALTERNATIVO, grupo=null], Concierto [id=9, fecha=2024-06-23, descripcion=noche de rock alternativo, escenario=SECUNDARIO, grupo=null], Concierto [id=10, fecha=2024-06-24, descripcion=fiesta de despedida con banda estrella, escenario=PRINCIPAL, grupo=null]]
2026-01-14 13:55:26.031 [main] INFO  liveFest_repositorio.RegistroFestival - Grupo añadido.
2026-01-14 13:55:26.031 [main] INFO  liveFest_controlador.GestionaConciertos - Grupo [nombre=Grupo1, codigo=Cogido1, numIntegrantes=5, email=email@gmail.com]
2026-01-14 13:55:26.031 [main] INFO  liveFest_controlador.GestionaConciertos - Grupo [nombre=Grupo1, codigo=Cogido1, numIntegrantes=5, email=email@gmail.com]
2026-01-14 14:02:22.413 [main] INFO  liveFest_controlador.GestionaConciertos - [Concierto [id=1, fecha=2024-06-15, descripcion=apertura del festival con gran actuación, escenario=PRINCIPAL, grupo=null], Concierto [id=2, fecha=2024-06-16, descripcion=sesión indie en el escenario alternativo, escenario=ALTERNATIVO, grupo=null], Concierto [id=3, fecha=2024-06-17, descripcion=concierto sorpresa en la madrugada, escenario=SECUNDARIO, grupo=null], Concierto [id=4, fecha=2024-06-18, descripcion=show acústico especial, escenario=ALTERNATIVO, grupo=null], Concierto [id=5, fecha=2024-06-19, descripcion=concierto con efectos visuales y luces, escenario=PRINCIPAL, grupo=null], Concierto [id=6, fecha=2024-06-20, descripcion=sesión electrónica indie, escenario=SECUNDARIO, grupo=null], Concierto [id=7, fecha=2024-06-21, descripcion=clausura del festival con los mejores éxitos, escenario=PRINCIPAL, grupo=null], Concierto [id=8, fecha=2024-06-22, descripcion=show especial con invitados sorpresa, escenario=ALTERNATIVO, grupo=null], Concierto [id=9, fecha=2024-06-23, descripcion=noche de rock alternativo, escenario=SECUNDARIO, grupo=null], Concierto [id=10, fecha=2024-06-24, descripcion=fiesta de despedida con banda estrella, escenario=PRINCIPAL, grupo=null]]
2026-01-14 14:02:22.416 [main] INFO  liveFest_repositorio.RegistroFestival - Grupo añadido.
2026-01-14 14:02:22.416 [main] INFO  liveFest_controlador.GestionaConciertos - Grupo [nombre=Grupo1, codigo=Cogido1, numIntegrantes=5, email=email@gmail.com]
2026-01-14 14:02:22.416 [main] INFO  liveFest_controlador.GestionaConciertos - Grupo [nombre=Grupo1, codigo=Cogido1, numIntegrantes=5, email=email@gmail.com]
2026-01-14 14:02:33.151 [main] INFO  liveFest_controlador.GestionaConciertos - [Concierto [id=1, fecha=2024-06-15, descripcion=apertura del festival con gran actuación, escenario=PRINCIPAL, grupo=null], Concierto [id=2, fecha=2024-06-16, descripcion=sesión indie en el escenario alternativo, escenario=ALTERNATIVO, grupo=null], Concierto [id=3, fecha=2024-06-17, descripcion=concierto sorpresa en la madrugada, escenario=SECUNDARIO, grupo=null], Concierto [id=4, fecha=2024-06-18, descripcion=show acústico especial, escenario=ALTERNATIVO, grupo=null], Concierto [id=5, fecha=2024-06-19, descripcion=concierto con efectos visuales y luces, escenario=PRINCIPAL, grupo=null], Concierto [id=6, fecha=2024-06-20, descripcion=sesión electrónica indie, escenario=SECUNDARIO, grupo=null], Concierto [id=7, fecha=2024-06-21, descripcion=clausura del festival con los mejores éxitos, escenario=PRINCIPAL, grupo=null], Concierto [id=8, fecha=2024-06-22, descripcion=show especial con invitados sorpresa, escenario=ALTERNATIVO, grupo=null], Concierto [id=9, fecha=2024-06-23, descripcion=noche de rock alternativo, escenario=SECUNDARIO, grupo=null], Concierto [id=10, fecha=2024-06-24, descripcion=fiesta de despedida con banda estrella, escenario=PRINCIPAL, grupo=null]]
2026-01-14 14:02:33.155 [main] ERROR liveFest_utiles.XMLDomConciertos - C:\Users\alumno\Desktop\segundoDAM\JAVA\carlos_rodriguez_lobato_Recuperacion\src\main\resources\src\main\resources (El sistema no puede encontrar la ruta especificada)
2026-01-14 14:03:11.408 [main] INFO  liveFest_controlador.GestionaConciertos - [Concierto [id=1, fecha=2024-06-15, descripcion=apertura del festival con gran actuación, escenario=PRINCIPAL, grupo=null], Concierto [id=2, fecha=2024-06-16, descripcion=sesión indie en el escenario alternativo, escenario=ALTERNATIVO, grupo=null], Concierto [id=3, fecha=2024-06-17, descripcion=concierto sorpresa en la madrugada, escenario=SECUNDARIO, grupo=null], Concierto [id=4, fecha=2024-06-18, descripcion=show acústico especial, escenario=ALTERNATIVO, grupo=null], Concierto [id=5, fecha=2024-06-19, descripcion=concierto con efectos visuales y luces, escenario=PRINCIPAL, grupo=null], Concierto [id=6, fecha=2024-06-20, descripcion=sesión electrónica indie, escenario=SECUNDARIO, grupo=null], Concierto [id=7, fecha=2024-06-21, descripcion=clausura del festival con los mejores éxitos, escenario=PRINCIPAL, grupo=null], Concierto [id=8, fecha=2024-06-22, descripcion=show especial con invitados sorpresa, escenario=ALTERNATIVO, grupo=null], Concierto [id=9, fecha=2024-06-23, descripcion=noche de rock alternativo, escenario=SECUNDARIO, grupo=null], Concierto [id=10, fecha=2024-06-24, descripcion=fiesta de despedida con banda estrella, escenario=PRINCIPAL, grupo=null]]
2026-01-14 14:03:11.412 [main] INFO  liveFest_repositorio.RegistroFestival - Grupo añadido.
2026-01-14 14:03:11.412 [main] INFO  liveFest_controlador.GestionaConciertos - Grupo [nombre=Grupo1, codigo=Cogido1, numIntegrantes=5, email=email@gmail.com]
2026-01-14 14:03:11.412 [main] INFO  liveFest_controlador.GestionaConciertos - Grupo [nombre=Grupo1, codigo=Cogido1, numIntegrantes=5, email=email@gmail.com]
2026-01-14 14:06:47.623 [main] INFO  liveFest_controlador.GestionaConciertos - [Concierto [id=1, fecha=2024-06-15, descripcion=apertura del festival con gran actuación, escenario=PRINCIPAL, grupo=Grupo [nombre=vetusta morla, codigo=GRP001, numIntegrantes=0, email=null]], Concierto [id=2, fecha=2024-06-16, descripcion=sesión indie en el escenario alternativo, escenario=ALTERNATIVO, grupo=Grupo [nombre=izal, codigo=GRP002, numIntegrantes=0, email=null]], Concierto [id=3, fecha=2024-06-17, descripcion=concierto sorpresa en la madrugada, escenario=SECUNDARIO, grupo=Grupo [nombre=miss caffeina, codigo=GRP003, numIntegrantes=0, email=null]], Concierto [id=4, fecha=2024-06-18, descripcion=show acústico especial, escenario=ALTERNATIVO, grupo=Grupo [nombre=la m.o.d.a., codigo=GRP004, numIntegrantes=0, email=null]], Concierto [id=5, fecha=2024-06-19, descripcion=concierto con efectos visuales y luces, escenario=PRINCIPAL, grupo=Grupo [nombre=love of lesbian, codigo=GRP005, numIntegrantes=0, email=null]], Concierto [id=6, fecha=2024-06-20, descripcion=sesión electrónica indie, escenario=SECUNDARIO, grupo=Grupo [nombre=dorian, codigo=GRP006, numIntegrantes=0, email=null]], Concierto [id=7, fecha=2024-06-21, descripcion=clausura del festival con los mejores éxitos, escenario=PRINCIPAL, grupo=Grupo [nombre=sidonie, codigo=GRP007, numIntegrantes=0, email=null]], Concierto [id=8, fecha=2024-06-22, descripcion=show especial con invitados sorpresa, escenario=ALTERNATIVO, grupo=Grupo [nombre=fuel fandango, codigo=GRP008, numIntegrantes=0, email=null]], Concierto [id=9, fecha=2024-06-23, descripcion=noche de rock alternativo, escenario=SECUNDARIO, grupo=Grupo [nombre=second, codigo=GRP009, numIntegrantes=0, email=null]], Concierto [id=10, fecha=2024-06-24, descripcion=fiesta de despedida con banda estrella, escenario=PRINCIPAL, grupo=Grupo [nombre=supersubmarina, codigo=GRP010, numIntegrantes=0, email=null]]]
2026-01-14 14:06:47.626 [main] INFO  liveFest_repositorio.RegistroFestival - Grupo añadido.
2026-01-14 14:06:47.626 [main] INFO  liveFest_controlador.GestionaConciertos - Grupo [nombre=Grupo1, codigo=Cogido1, numIntegrantes=5, email=email@gmail.com]
2026-01-14 14:06:47.626 [main] INFO  liveFest_controlador.GestionaConciertos - Grupo [nombre=Grupo1, codigo=Cogido1, numIntegrantes=5, email=email@gmail.com]
2026-01-14 14:08:44.758 [main] INFO  liveFest_controlador.GestionaConciertos - [Concierto [id=1, fecha=2024-06-15, descripcion=apertura del festival con gran actuación, escenario=PRINCIPAL, grupo=Grupo [nombre=vetusta morla, codigo=GRP001, numIntegrantes=6, email=contacto@vetustamorla.com]], Concierto [id=2, fecha=2024-06-16, descripcion=sesión indie en el escenario alternativo, escenario=ALTERNATIVO, grupo=Grupo [nombre=izal, codigo=GRP002, numIntegrantes=5, email=info@izalband.com]], Concierto [id=3, fecha=2024-06-17, descripcion=concierto sorpresa en la madrugada, escenario=SECUNDARIO, grupo=Grupo [nombre=miss caffeina, codigo=GRP003, numIntegrantes=4, email=contacto@misscaffeina.com]], Concierto [id=4, fecha=2024-06-18, descripcion=show acústico especial, escenario=ALTERNATIVO, grupo=Grupo [nombre=la m.o.d.a., codigo=GRP004, numIntegrantes=7, email=booking@lamoda.com]], Concierto [id=5, fecha=2024-06-19, descripcion=concierto con efectos visuales y luces, escenario=PRINCIPAL, grupo=Grupo [nombre=love of lesbian, codigo=GRP005, numIntegrantes=6, email=management@loveoflesbian.com]], Concierto [id=6, fecha=2024-06-20, descripcion=sesión electrónica indie, escenario=SECUNDARIO, grupo=Grupo [nombre=dorian, codigo=GRP006, numIntegrantes=5, email=info@dorianmusic.com]], Concierto [id=7, fecha=2024-06-21, descripcion=clausura del festival con los mejores éxitos, escenario=PRINCIPAL, grupo=Grupo [nombre=sidonie, codigo=GRP007, numIntegrantes=3, email=sidonie@management.com]], Concierto [id=8, fecha=2024-06-22, descripcion=show especial con invitados sorpresa, escenario=ALTERNATIVO, grupo=Grupo [nombre=fuel fandango, codigo=GRP008, numIntegrantes=2, email=contact@fuelfandango.com]], Concierto [id=9, fecha=2024-06-23, descripcion=noche de rock alternativo, escenario=SECUNDARIO, grupo=Grupo [nombre=second, codigo=GRP009, numIntegrantes=4, email=second@bandmail.com]], Concierto [id=10, fecha=2024-06-24, descripcion=fiesta de despedida con banda estrella, escenario=PRINCIPAL, grupo=Grupo [nombre=supersubmarina, codigo=GRP010, numIntegrantes=4, email=contacto@supersubmarina.com]]]
2026-01-14 14:08:44.760 [main] INFO  liveFest_repositorio.RegistroFestival - Grupo añadido.
2026-01-14 14:08:44.760 [main] INFO  liveFest_controlador.GestionaConciertos - Grupo [nombre=Grupo1, codigo=Cogido1, numIntegrantes=5, email=email@gmail.com]
2026-01-14 14:08:44.760 [main] INFO  liveFest_controlador.GestionaConciertos - Grupo [nombre=Grupo1, codigo=Cogido1, numIntegrantes=5, email=email@gmail.com]
2026-01-14 14:09:31.395 [main] INFO  liveFest_controlador.GestionaConciertos - [Concierto [id=1, fecha=2024-06-15, descripcion=apertura del festival con gran actuación, escenario=PRINCIPAL, grupo=Grupo [nombre=vetusta morla, codigo=GRP001, numIntegrantes=6, email=contacto@vetustamorla.com]], Concierto [id=2, fecha=2024-06-16, descripcion=sesión indie en el escenario alternativo, escenario=ALTERNATIVO, grupo=Grupo [nombre=izal, codigo=GRP002, numIntegrantes=5, email=info@izalband.com]], Concierto [id=3, fecha=2024-06-17, descripcion=concierto sorpresa en la madrugada, escenario=SECUNDARIO, grupo=Grupo [nombre=miss caffeina, codigo=GRP003, numIntegrantes=4, email=contacto@misscaffeina.com]], Concierto [id=4, fecha=2024-06-18, descripcion=show acústico especial, escenario=ALTERNATIVO, grupo=Grupo [nombre=la m.o.d.a., codigo=GRP004, numIntegrantes=7, email=booking@lamoda.com]], Concierto [id=5, fecha=2024-06-19, descripcion=concierto con efectos visuales y luces, escenario=PRINCIPAL, grupo=Grupo [nombre=love of lesbian, codigo=GRP005, numIntegrantes=6, email=management@loveoflesbian.com]], Concierto [id=6, fecha=2024-06-20, descripcion=sesión electrónica indie, escenario=SECUNDARIO, grupo=Grupo [nombre=dorian, codigo=GRP006, numIntegrantes=5, email=info@dorianmusic.com]], Concierto [id=7, fecha=2024-06-21, descripcion=clausura del festival con los mejores éxitos, escenario=PRINCIPAL, grupo=Grupo [nombre=sidonie, codigo=GRP007, numIntegrantes=3, email=sidonie@management.com]], Concierto [id=8, fecha=2024-06-22, descripcion=show especial con invitados sorpresa, escenario=ALTERNATIVO, grupo=Grupo [nombre=fuel fandango, codigo=GRP008, numIntegrantes=2, email=contact@fuelfandango.com]], Concierto [id=9, fecha=2024-06-23, descripcion=noche de rock alternativo, escenario=SECUNDARIO, grupo=Grupo [nombre=second, codigo=GRP009, numIntegrantes=4, email=second@bandmail.com]], Concierto [id=10, fecha=2024-06-24, descripcion=fiesta de despedida con banda estrella, escenario=PRINCIPAL, grupo=Grupo [nombre=supersubmarina, codigo=GRP010, numIntegrantes=4, email=contacto@supersubmarina.com]]]
2026-01-14 14:09:31.400 [main] ERROR liveFest_utiles.XMLDomConciertos - C:\Users\alumno\Desktop\segundoDAM\JAVA\carlos_rodriguez_lobato_Recuperacion\src\main\resources\src\main\resources (El sistema no puede encontrar la ruta especificada)
