2025-10-14 10:07:42.314 [main] INFO  tema1.Ejercicio1 - [ResultadoComparacion [nombreArchivo=Archivo1, valor=null, fechaModificacion=2025-10-05], ResultadoComparacion [nombreArchivo=Archivo2, valor=null, fechaModificacion=2025-05-23]]
2025-10-14 10:27:31.082 [main] INFO  tema1.Ejercicio1 - [ResultadoComparacion [nombreArchivo=Archivo1, valor=null, fechaModificacion=2025-10-05], ResultadoComparacion [nombreArchivo=Archivo2, valor=null, fechaModificacion=2025-05-23]]
2025-10-14 10:34:11.211 [main] INFO  tema1.Ejercicio1 - [ResultadoComparacion [nombreArchivo=Archivo1, valor=null, fechaModificacion=2025-10-05], ResultadoComparacion [nombreArchivo=Archivo2, valor=null, fechaModificacion=2025-05-23]]
2025-10-14 10:34:11.214 [main] INFO  tema1.Ejercicio1 - No son directorios.
2025-10-14 11:55:23.461 [main] DEBUG tema1.Ejercicio1 - hola (El sistema no puede encontrar el archivo especificado)
2025-10-14 11:55:34.619 [main] DEBUG tema1.Ejercicio1 - hola.txt (El sistema no puede encontrar el archivo especificado)
2025-10-14 11:56:34.275 [main] DEBUG tema1.Ejercicio1 - hola.txt (El sistema no puede encontrar el archivo especificado)
2025-10-14 11:57:01.061 [main] INFO  tema1.Ejercicio1 - Palabra: hola
2025-10-14 11:57:01.062 [main] INFO  tema1.Ejercicio1 - Palabra: este
2025-10-14 11:57:01.062 [main] INFO  tema1.Ejercicio1 - Palabra: es
2025-10-14 11:57:01.062 [main] INFO  tema1.Ejercicio1 - Palabra: mi
2025-10-14 11:57:01.063 [main] INFO  tema1.Ejercicio1 - Palabra: fichero
2025-10-14 12:02:04.890 [main] DEBUG tema1.Ejercicio1 - C:\Users\alumno\Desktop\segundoDAM\JAVA\accesoADatos\src\main\java\tema1\hola.txt 	 (El nombre de archivo, el nombre de directorio o la sintaxis de la etiqueta del volumen no son correctos)
2025-10-14 12:02:34.555 [main] DEBUG tema1.Ejercicio1 - C:\Users\alumno\Desktop\segundoDAM\JAVA\accesoADatos\src\main\java\tema1\hola.txt 	 (El nombre de archivo, el nombre de directorio o la sintaxis de la etiqueta del volumen no son correctos)
2025-10-14 12:02:55.104 [main] DEBUG tema1.Ejercicio1 - C:\Users\alumno\Desktop\segundoDAM\JAVA\accesoADatos\src\main\java\tema1\hola.txt 	 (El nombre de archivo, el nombre de directorio o la sintaxis de la etiqueta del volumen no son correctos)
2025-10-14 12:03:06.397 [main] DEBUG tema1.Ejercicio1 - C:\Users\alumno\Desktop\segundoDAM\JAVA\accesoADatos\src\main\java\tema1\hola.txt 	 (El nombre de archivo, el nombre de directorio o la sintaxis de la etiqueta del volumen no son correctos)
2025-10-14 12:03:33.145 [main] INFO  tema1.Ejercicio1 - Palabra: hola
2025-10-14 12:03:33.147 [main] INFO  tema1.Ejercicio1 - Palabra: este
2025-10-14 12:03:33.147 [main] INFO  tema1.Ejercicio1 - Palabra: es
2025-10-14 12:03:33.147 [main] INFO  tema1.Ejercicio1 - Palabra: mi
2025-10-14 12:03:33.147 [main] INFO  tema1.Ejercicio1 - Palabra: fichero
2025-10-14 12:12:07.926 [main] INFO  tema1.Ejercicio1 - Palabra: Pepe
2025-10-14 12:12:07.928 [main] INFO  tema1.Ejercicio1 - Palabra: 1.0
2025-10-14 12:12:07.928 [main] INFO  tema1.Ejercicio1 - Palabra: 3.5
2025-10-14 12:12:07.929 [main] INFO  tema1.Ejercicio1 - Palabra: 7.7
2025-10-14 12:12:07.929 [main] INFO  tema1.Ejercicio1 - Palabra: Marcos
2025-10-14 12:12:07.929 [main] INFO  tema1.Ejercicio1 - Palabra: 2
2025-10-14 12:12:07.929 [main] INFO  tema1.Ejercicio1 - Palabra: Candela
2025-10-14 12:12:07.929 [main] INFO  tema1.Ejercicio1 - Palabra: 10.0
2025-10-14 12:12:07.929 [main] INFO  tema1.Ejercicio1 - Palabra: 11.1
2025-10-14 12:15:58.023 [main] INFO  tema1.Ejercicio1 - Palabra: Pepe 1.0 3.5 7.7
2025-10-14 12:15:58.025 [main] INFO  tema1.Ejercicio1 - Palabra: Marcos 2
2025-10-14 12:15:58.026 [main] INFO  tema1.Ejercicio1 - Palabra: Candela 10.0 11.1
2025-10-14 12:24:36.809 [main] INFO  tema1.Ejercicio1 - Palabra: Pepe 1.0 3.5 7.7
2025-10-14 12:24:36.811 [main] INFO  tema1.Ejercicio1 - Palabra: Marcos 2
2025-10-14 12:24:36.812 [main] INFO  tema1.Ejercicio1 - Palabra: Candela 10.0 11.1
2025-10-14 12:24:40.679 [main] INFO  tema1.Ejercicio1 - Palabra: Pepe 1.0 3.5 7.7
2025-10-14 12:24:40.681 [main] INFO  tema1.Ejercicio1 - Palabra: Marcos 2
2025-10-14 12:24:40.681 [main] INFO  tema1.Ejercicio1 - Palabra: Candela 10.0 11.1
2025-10-14 12:26:12.010 [main] INFO  tema1.Ejercicio1 - Palabra: Pepe 1.0 3.5 7.7
2025-10-14 12:26:29.497 [main] INFO  tema1.Ejercicio1 - Palabra: Pepe 1.0 3.5 7.7
2025-10-14 12:26:29.499 [main] INFO  tema1.Ejercicio1 - Persona [nombre=Pepe, listaNotas=[Notas [nota=1.0], Notas [nota=3.5], Notas [nota=7.7]]]
2025-10-14 12:26:29.499 [main] INFO  tema1.Ejercicio1 - Palabra: Marcos 2
2025-10-14 12:26:29.500 [main] INFO  tema1.Ejercicio1 - Persona [nombre=Marcos, listaNotas=[Notas [nota=2.0]]]
2025-10-14 12:26:29.500 [main] INFO  tema1.Ejercicio1 - Palabra: Candela 10.0 11.1
2025-10-14 12:26:29.500 [main] INFO  tema1.Ejercicio1 - Persona [nombre=Candela, listaNotas=[Notas [nota=10.0], Notas [nota=11.1]]]
2025-10-14 12:27:01.915 [main] INFO  tema1.Ejercicio1 - Persona [nombre=Pepe, listaNotas=[Notas [nota=1.0], Notas [nota=3.5], Notas [nota=7.7]]]
2025-10-14 12:27:01.917 [main] INFO  tema1.Ejercicio1 - Persona [nombre=Marcos, listaNotas=[Notas [nota=2.0]]]
2025-10-14 12:27:01.917 [main] INFO  tema1.Ejercicio1 - Persona [nombre=Candela, listaNotas=[Notas [nota=10.0], Notas [nota=11.1]]]
2025-10-14 12:27:54.983 [main] INFO  tema1.Ejercicio1 - Persona [nombre=Pepe, listaNotas=[Notas [nota=1.0], Notas [nota=3.5], Notas [nota=7.7]]]
2025-10-14 12:27:54.985 [main] INFO  tema1.Ejercicio1 - Persona [nombre=Marcos, listaNotas=[Notas [nota=2.0]]]
2025-10-14 12:27:54.986 [main] INFO  tema1.Ejercicio1 - Persona [nombre=Candela, listaNotas=[Notas [nota=10.0], Notas [nota=11.1]]]
2025-10-14 12:31:15.816 [main] INFO  utiles.ManejaFicheroPersona - Persona [nombre=Pepe, listaNotas=[Notas [nota=1.0], Notas [nota=3.5], Notas [nota=7.7]]]
2025-10-14 12:31:15.819 [main] INFO  utiles.ManejaFicheroPersona - Persona [nombre=Marcos, listaNotas=[Notas [nota=2.0]]]
2025-10-14 12:31:15.820 [main] INFO  utiles.ManejaFicheroPersona - Persona [nombre=Candela, listaNotas=[Notas [nota=10.0], Notas [nota=11.1]]]
2025-10-14 12:33:03.790 [main] INFO  utiles.ManejaFicheroPersona - Persona [nombre=Pepe, listaNotas=[Notas [nota=1.0], Notas [nota=3.5], Notas [nota=7.7]]]
2025-10-14 12:33:03.792 [main] INFO  utiles.ManejaFicheroPersona - Persona [nombre=Marcos, listaNotas=[Notas [nota=2.0]]]
2025-10-14 12:33:03.792 [main] INFO  utiles.ManejaFicheroPersona - Persona [nombre=Candela, listaNotas=[Notas [nota=10.0], Notas [nota=11.1]]]
