2025-10-08 11:42:38.202 [main] INFO  tema1.Ficheros - desktop.ini
2025-10-08 11:42:38.204 [main] INFO  tema1.Ficheros - directorio
2025-10-08 11:42:38.204 [main] INFO  tema1.Ficheros - fichero.txt
2025-10-08 11:42:38.204 [main] INFO  tema1.Ficheros - GitHub Desktop.lnk
2025-10-08 11:42:38.204 [main] INFO  tema1.Ficheros - segundoDAM
2025-10-08 11:42:38.204 [main] INFO  tema1.Ficheros - segundo_DAM
2025-10-08 11:47:44.768 [main] INFO  tema1.Ficheros - desktop.ini
2025-10-08 11:47:44.770 [main] INFO  tema1.Ficheros - directorio
2025-10-08 11:47:44.770 [main] INFO  tema1.Ficheros - fichero.txt
2025-10-08 11:47:44.770 [main] INFO  tema1.Ficheros - GitHub Desktop.lnk
2025-10-08 11:47:44.770 [main] INFO  tema1.Ficheros - segundoDAM
2025-10-08 11:47:44.770 [main] INFO  tema1.Ficheros - segundo_DAM
2025-10-08 11:49:15.581 [main] INFO  tema1.Ficheros - desktop.ini
2025-10-08 11:49:15.583 [main] INFO  tema1.Ficheros - directorio
2025-10-08 11:49:15.583 [main] INFO  tema1.Ficheros - fichero.txt
2025-10-08 11:49:15.583 [main] INFO  tema1.Ficheros - GitHub Desktop.lnk
2025-10-08 11:49:15.583 [main] INFO  tema1.Ficheros - segundoDAM
2025-10-08 11:49:15.584 [main] INFO  tema1.Ficheros - segundo_DAM
2025-10-08 11:49:15.584 [main] INFO  tema1.Ficheros - desktop.ini
2025-10-08 11:49:15.584 [main] INFO  tema1.Ficheros - directorio
2025-10-08 11:49:15.584 [main] INFO  tema1.Ficheros - fichero.txt
2025-10-08 11:49:15.584 [main] INFO  tema1.Ficheros - GitHub Desktop.lnk
2025-10-08 11:49:15.584 [main] INFO  tema1.Ficheros - segundoDAM
2025-10-08 11:49:15.584 [main] INFO  tema1.Ficheros - segundo_DAM
2025-10-08 11:49:26.196 [main] INFO  tema1.Ficheros - desktop.ini
2025-10-08 11:49:26.198 [main] INFO  tema1.Ficheros - directorio
2025-10-08 11:49:26.198 [main] INFO  tema1.Ficheros - fichero.txt
2025-10-08 11:49:26.198 [main] INFO  tema1.Ficheros - GitHub Desktop.lnk
2025-10-08 11:49:26.198 [main] INFO  tema1.Ficheros - segundoDAM
2025-10-08 11:49:26.198 [main] INFO  tema1.Ficheros - segundo_DAM
2025-10-08 11:49:26.199 [main] INFO  tema1.Ficheros - desktop.ini
2025-10-08 11:49:26.199 [main] INFO  tema1.Ficheros - directorio
2025-10-08 11:49:26.199 [main] INFO  tema1.Ficheros - fichero.txt
2025-10-08 11:49:26.199 [main] INFO  tema1.Ficheros - GitHub Desktop.lnk
2025-10-08 11:49:26.199 [main] INFO  tema1.Ficheros - segundoDAM
2025-10-08 11:49:26.199 [main] INFO  tema1.Ficheros - segundo_DAM
2025-10-08 11:53:11.729 [main] INFO  tema1.Ficheros - desktop.ini
2025-10-08 11:53:11.731 [main] INFO  tema1.Ficheros - directorio
2025-10-08 11:53:11.731 [main] INFO  tema1.Ficheros - fichero.txt
2025-10-08 11:53:11.731 [main] INFO  tema1.Ficheros - GitHub Desktop.lnk
2025-10-08 11:53:11.731 [main] INFO  tema1.Ficheros - segundoDAM
2025-10-08 11:53:11.731 [main] INFO  tema1.Ficheros - segundo_DAM
2025-10-08 11:53:11.732 [main] INFO  tema1.Ficheros - desktop.ini
2025-10-08 11:53:11.732 [main] INFO  tema1.Ficheros - directorio
2025-10-08 11:53:11.732 [main] INFO  tema1.Ficheros - fichero.txt
2025-10-08 11:53:11.732 [main] INFO  tema1.Ficheros - GitHub Desktop.lnk
2025-10-08 11:53:11.732 [main] INFO  tema1.Ficheros - segundoDAM
2025-10-08 11:53:11.732 [main] INFO  tema1.Ficheros - segundo_DAM
2025-10-08 11:53:19.994 [main] INFO  tema1.Ficheros - desktop.ini
2025-10-08 11:53:19.996 [main] INFO  tema1.Ficheros - directorio
2025-10-08 11:53:19.996 [main] INFO  tema1.Ficheros - fichero.txt
2025-10-08 11:53:19.996 [main] INFO  tema1.Ficheros - GitHub Desktop.lnk
2025-10-08 11:53:19.996 [main] INFO  tema1.Ficheros - segundoDAM
2025-10-08 11:53:19.996 [main] INFO  tema1.Ficheros - segundo_DAM
2025-10-08 11:53:19.996 [main] INFO  tema1.Ficheros - desktop.ini
2025-10-08 11:53:19.996 [main] INFO  tema1.Ficheros - directorio
2025-10-08 11:53:19.996 [main] INFO  tema1.Ficheros - fichero.txt
2025-10-08 11:53:19.997 [main] INFO  tema1.Ficheros - GitHub Desktop.lnk
2025-10-08 11:53:19.997 [main] INFO  tema1.Ficheros - segundoDAM
2025-10-08 11:53:19.997 [main] INFO  tema1.Ficheros - segundo_DAM
2025-10-08 11:54:00.686 [main] INFO  tema1.Ficheros - desktop.ini
2025-10-08 11:54:00.689 [main] INFO  tema1.Ficheros - directorio
2025-10-08 11:54:00.689 [main] INFO  tema1.Ficheros - fichero.txt
2025-10-08 11:54:00.689 [main] INFO  tema1.Ficheros - GitHub Desktop.lnk
2025-10-08 11:54:00.689 [main] INFO  tema1.Ficheros - segundoDAM
2025-10-08 11:54:00.689 [main] INFO  tema1.Ficheros - segundo_DAM
2025-10-08 11:54:00.689 [main] INFO  tema1.Ficheros - desktop.ini
2025-10-08 11:54:00.689 [main] INFO  tema1.Ficheros - directorio
2025-10-08 11:54:00.689 [main] INFO  tema1.Ficheros - fichero.txt
2025-10-08 11:54:00.689 [main] INFO  tema1.Ficheros - GitHub Desktop.lnk
2025-10-08 11:54:00.690 [main] INFO  tema1.Ficheros - segundoDAM
2025-10-08 11:54:00.690 [main] INFO  tema1.Ficheros - segundo_DAM
2025-10-08 11:54:31.576 [main] INFO  tema1.Ficheros - desktop.ini
2025-10-08 11:54:31.578 [main] INFO  tema1.Ficheros - directorio
2025-10-08 11:54:31.578 [main] INFO  tema1.Ficheros - fichero.txt
2025-10-08 11:54:31.578 [main] INFO  tema1.Ficheros - GitHub Desktop.lnk
2025-10-08 11:54:31.578 [main] INFO  tema1.Ficheros - segundoDAM
2025-10-08 11:54:31.578 [main] INFO  tema1.Ficheros - segundo_DAM
2025-10-08 11:54:31.578 [main] INFO  tema1.Ficheros - desktop.ini
2025-10-08 11:54:31.579 [main] INFO  tema1.Ficheros - directorio
2025-10-08 11:54:31.579 [main] INFO  tema1.Ficheros - fichero.txt
2025-10-08 11:54:31.579 [main] INFO  tema1.Ficheros - GitHub Desktop.lnk
2025-10-08 11:54:31.579 [main] INFO  tema1.Ficheros - segundoDAM
2025-10-08 11:54:31.579 [main] INFO  tema1.Ficheros - segundo_DAM
2025-10-08 11:54:40.400 [main] INFO  tema1.Ficheros - desktop.ini
2025-10-08 11:54:40.402 [main] INFO  tema1.Ficheros - directorio
2025-10-08 11:54:40.402 [main] INFO  tema1.Ficheros - fichero.txt
2025-10-08 11:54:40.402 [main] INFO  tema1.Ficheros - GitHub Desktop.lnk
2025-10-08 11:54:40.402 [main] INFO  tema1.Ficheros - segundoDAM
2025-10-08 11:54:40.402 [main] INFO  tema1.Ficheros - segundo_DAM
2025-10-08 11:55:57.412 [main] INFO  tema1.Ficheros - Es un fichero.
2025-10-08 11:55:57.413 [main] INFO  tema1.Ficheros - desktop.ini
2025-10-08 11:55:57.414 [main] INFO  tema1.Ficheros - Es un fichero.
2025-10-08 11:55:57.414 [main] INFO  tema1.Ficheros - directorio
2025-10-08 11:55:57.414 [main] INFO  tema1.Ficheros - Es un fichero.
2025-10-08 11:55:57.414 [main] INFO  tema1.Ficheros - fichero.txt
2025-10-08 11:55:57.414 [main] INFO  tema1.Ficheros - Es un fichero.
2025-10-08 11:55:57.414 [main] INFO  tema1.Ficheros - GitHub Desktop.lnk
2025-10-08 11:55:57.414 [main] INFO  tema1.Ficheros - Es un fichero.
2025-10-08 11:55:57.414 [main] INFO  tema1.Ficheros - segundoDAM
2025-10-08 11:55:57.414 [main] INFO  tema1.Ficheros - Es un fichero.
2025-10-08 11:55:57.414 [main] INFO  tema1.Ficheros - segundo_DAM
2025-10-08 11:55:57.415 [main] INFO  tema1.Ficheros - desktop.ini
2025-10-08 11:55:57.415 [main] INFO  tema1.Ficheros - directorio
2025-10-08 11:55:57.415 [main] INFO  tema1.Ficheros - fichero.txt
2025-10-08 11:55:57.415 [main] INFO  tema1.Ficheros - GitHub Desktop.lnk
2025-10-08 11:55:57.415 [main] INFO  tema1.Ficheros - segundoDAM
2025-10-08 11:55:57.415 [main] INFO  tema1.Ficheros - segundo_DAM
2025-10-08 11:56:08.920 [main] INFO  tema1.Ficheros - desktop.ini
2025-10-08 11:56:08.922 [main] INFO  tema1.Ficheros - Es un fichero.
2025-10-08 11:56:08.922 [main] INFO  tema1.Ficheros - directorio
2025-10-08 11:56:08.922 [main] INFO  tema1.Ficheros - Es un fichero.
2025-10-08 11:56:08.922 [main] INFO  tema1.Ficheros - fichero.txt
2025-10-08 11:56:08.922 [main] INFO  tema1.Ficheros - Es un fichero.
2025-10-08 11:56:08.922 [main] INFO  tema1.Ficheros - GitHub Desktop.lnk
2025-10-08 11:56:08.922 [main] INFO  tema1.Ficheros - Es un fichero.
2025-10-08 11:56:08.923 [main] INFO  tema1.Ficheros - segundoDAM
2025-10-08 11:56:08.923 [main] INFO  tema1.Ficheros - Es un fichero.
2025-10-08 11:56:08.923 [main] INFO  tema1.Ficheros - segundo_DAM
2025-10-08 11:56:08.923 [main] INFO  tema1.Ficheros - Es un fichero.
2025-10-08 11:56:08.923 [main] INFO  tema1.Ficheros - desktop.ini
2025-10-08 11:56:08.923 [main] INFO  tema1.Ficheros - directorio
2025-10-08 11:56:08.923 [main] INFO  tema1.Ficheros - fichero.txt
2025-10-08 11:56:08.923 [main] INFO  tema1.Ficheros - GitHub Desktop.lnk
2025-10-08 11:56:08.923 [main] INFO  tema1.Ficheros - segundoDAM
2025-10-08 11:56:08.923 [main] INFO  tema1.Ficheros - segundo_DAM
2025-10-08 11:58:42.854 [main] INFO  tema1.Ficheros - desktop.ini
2025-10-08 11:58:42.857 [main] INFO  tema1.Ficheros - desktop.ini
2025-10-08 11:58:42.857 [main] INFO  tema1.Ficheros - directorio
2025-10-08 11:58:42.857 [main] INFO  tema1.Ficheros - fichero.txt
2025-10-08 11:58:42.857 [main] INFO  tema1.Ficheros - GitHub Desktop.lnk
2025-10-08 11:58:42.857 [main] INFO  tema1.Ficheros - segundoDAM
2025-10-08 11:58:42.857 [main] INFO  tema1.Ficheros - segundo_DAM
2025-10-08 11:58:55.615 [main] INFO  tema1.Ficheros - desktop.ini
2025-10-08 11:58:55.619 [main] ERROR tema1.Ficheros - Esta ruta no existe.
2025-10-08 11:58:55.619 [main] INFO  tema1.Ficheros - desktop.ini
2025-10-08 11:58:55.619 [main] INFO  tema1.Ficheros - directorio
2025-10-08 11:58:55.619 [main] INFO  tema1.Ficheros - fichero.txt
2025-10-08 11:58:55.619 [main] INFO  tema1.Ficheros - GitHub Desktop.lnk
2025-10-08 11:58:55.620 [main] INFO  tema1.Ficheros - segundoDAM
2025-10-08 11:58:55.620 [main] INFO  tema1.Ficheros - segundo_DAM
2025-10-08 11:59:39.637 [main] INFO  tema1.Ficheros - desktop.ini
2025-10-08 11:59:39.640 [main] ERROR tema1.Ficheros - Esta ruta no existe.
2025-10-08 11:59:39.640 [main] INFO  tema1.Ficheros - desktop.ini
2025-10-08 11:59:39.640 [main] INFO  tema1.Ficheros - directorio
2025-10-08 11:59:39.640 [main] INFO  tema1.Ficheros - fichero.txt
2025-10-08 11:59:39.640 [main] INFO  tema1.Ficheros - GitHub Desktop.lnk
2025-10-08 11:59:39.641 [main] INFO  tema1.Ficheros - segundoDAM
2025-10-08 11:59:39.641 [main] INFO  tema1.Ficheros - segundo_DAM
2025-10-08 11:59:55.471 [main] INFO  tema1.Ficheros - desktop.ini
2025-10-08 11:59:55.473 [main] INFO  tema1.Ficheros - directorio
2025-10-08 11:59:55.473 [main] INFO  tema1.Ficheros - fichero.txt
2025-10-08 11:59:55.473 [main] INFO  tema1.Ficheros - GitHub Desktop.lnk
2025-10-08 11:59:55.473 [main] INFO  tema1.Ficheros - segundoDAM
2025-10-08 11:59:55.473 [main] INFO  tema1.Ficheros - segundo_DAM
2025-10-08 11:59:55.473 [main] INFO  tema1.Ficheros - desktop.ini
2025-10-08 11:59:55.473 [main] INFO  tema1.Ficheros - directorio
2025-10-08 11:59:55.474 [main] INFO  tema1.Ficheros - fichero.txt
2025-10-08 11:59:55.474 [main] INFO  tema1.Ficheros - GitHub Desktop.lnk
2025-10-08 11:59:55.474 [main] INFO  tema1.Ficheros - segundoDAM
2025-10-08 11:59:55.474 [main] INFO  tema1.Ficheros - segundo_DAM
2025-10-08 12:00:06.851 [main] INFO  tema1.Ficheros - desktop.ini
2025-10-08 12:00:06.854 [main] ERROR tema1.Ficheros - Esta ruta no existe.
2025-10-08 12:00:06.854 [main] INFO  tema1.Ficheros - desktop.ini
2025-10-08 12:00:06.854 [main] INFO  tema1.Ficheros - directorio
2025-10-08 12:00:06.854 [main] INFO  tema1.Ficheros - fichero.txt
2025-10-08 12:00:06.854 [main] INFO  tema1.Ficheros - GitHub Desktop.lnk
2025-10-08 12:00:06.854 [main] INFO  tema1.Ficheros - segundoDAM
2025-10-08 12:00:06.854 [main] INFO  tema1.Ficheros - segundo_DAM
2025-10-08 12:00:37.046 [main] INFO  tema1.Ficheros - desktop.ini
2025-10-08 12:00:37.048 [main] ERROR tema1.Ficheros - Esta ruta no existe.
2025-10-08 12:01:05.365 [main] INFO  tema1.Ficheros - desktop.ini
2025-10-08 12:01:05.368 [main] ERROR tema1.Ficheros - Esta ruta no existe.
2025-10-08 12:02:39.757 [main] INFO  tema1.Ficheros - desktop.ini
2025-10-08 12:02:39.759 [main] INFO  tema1.Ficheros - directorio
2025-10-08 12:02:39.759 [main] INFO  tema1.Ficheros - fichero.txt
2025-10-08 12:02:39.759 [main] INFO  tema1.Ficheros - GitHub Desktop.lnk
2025-10-08 12:02:39.759 [main] INFO  tema1.Ficheros - segundoDAM
2025-10-08 12:02:39.759 [main] INFO  tema1.Ficheros - segundo_DAM
2025-10-08 12:02:39.759 [main] INFO  tema1.Ficheros - desktop.ini
2025-10-08 12:02:39.759 [main] INFO  tema1.Ficheros - directorio
2025-10-08 12:02:39.759 [main] INFO  tema1.Ficheros - fichero.txt
2025-10-08 12:02:39.760 [main] INFO  tema1.Ficheros - GitHub Desktop.lnk
2025-10-08 12:02:39.760 [main] INFO  tema1.Ficheros - segundoDAM
2025-10-08 12:02:39.760 [main] INFO  tema1.Ficheros - segundo_DAM
2025-10-08 12:07:31.632 [main] INFO  tema1.Ejercicio1 - desktop.ini
2025-10-08 12:07:31.634 [main] INFO  tema1.Ejercicio1 - directorio
2025-10-08 12:07:31.634 [main] INFO  tema1.Ejercicio1 - fichero.txt
2025-10-08 12:07:31.634 [main] INFO  tema1.Ejercicio1 - GitHub Desktop.lnk
2025-10-08 12:07:31.634 [main] INFO  tema1.Ejercicio1 - segundoDAM
2025-10-08 12:07:31.634 [main] INFO  tema1.Ejercicio1 - segundo_DAM
2025-10-08 12:07:34.717 [main] INFO  tema1.Ejercicio1 - desktop.ini
2025-10-08 12:07:34.719 [main] INFO  tema1.Ejercicio1 - directorio
2025-10-08 12:07:34.719 [main] INFO  tema1.Ejercicio1 - fichero.txt
2025-10-08 12:07:34.719 [main] INFO  tema1.Ejercicio1 - GitHub Desktop.lnk
2025-10-08 12:07:34.719 [main] INFO  tema1.Ejercicio1 - segundoDAM
2025-10-08 12:07:34.719 [main] INFO  tema1.Ejercicio1 - segundo_DAM
2025-10-08 12:07:37.524 [main] INFO  tema1.Ejercicio1 - desktop.ini
2025-10-08 12:07:37.526 [main] INFO  tema1.Ejercicio1 - directorio
2025-10-08 12:07:37.526 [main] INFO  tema1.Ejercicio1 - fichero.txt
2025-10-08 12:07:37.526 [main] INFO  tema1.Ejercicio1 - GitHub Desktop.lnk
2025-10-08 12:07:37.526 [main] INFO  tema1.Ejercicio1 - segundoDAM
2025-10-08 12:07:37.526 [main] INFO  tema1.Ejercicio1 - segundo_DAM
2025-10-08 12:07:40.866 [main] INFO  tema1.Ejercicio1 - desktop.ini
2025-10-08 12:07:40.868 [main] INFO  tema1.Ejercicio1 - directorio
2025-10-08 12:07:40.868 [main] INFO  tema1.Ejercicio1 - fichero.txt
2025-10-08 12:07:40.868 [main] INFO  tema1.Ejercicio1 - GitHub Desktop.lnk
2025-10-08 12:07:40.868 [main] INFO  tema1.Ejercicio1 - segundoDAM
2025-10-08 12:07:40.868 [main] INFO  tema1.Ejercicio1 - segundo_DAM
2025-10-08 12:08:13.692 [main] INFO  tema1.Ejercicio1 - desktop.ini
2025-10-08 12:08:13.694 [main] INFO  tema1.Ejercicio1 - directorio
2025-10-08 12:08:13.694 [main] INFO  tema1.Ejercicio1 - fichero.txt
2025-10-08 12:08:13.694 [main] INFO  tema1.Ejercicio1 - GitHub Desktop.lnk
2025-10-08 12:08:13.694 [main] INFO  tema1.Ejercicio1 - segundoDAM
2025-10-08 12:08:13.694 [main] INFO  tema1.Ejercicio1 - segundo_DAM
2025-10-08 12:19:11.453 [main] INFO  tema1.Ejercicio1 - class java.lang.String
2025-10-08 12:19:11.454 [main] INFO  tema1.Ejercicio1 - class java.lang.String
2025-10-08 12:19:11.454 [main] INFO  tema1.Ejercicio1 - class java.lang.String
2025-10-08 12:19:11.455 [main] INFO  tema1.Ejercicio1 - class java.lang.String
2025-10-08 12:19:11.455 [main] INFO  tema1.Ejercicio1 - class java.lang.String
2025-10-08 12:19:11.455 [main] INFO  tema1.Ejercicio1 - class java.lang.String
2025-10-08 12:52:50.821 [main] ERROR tema1.Ejercicio1 - Este fichero no existe.
2025-10-08 12:53:07.350 [main] ERROR tema1.Ejercicio1 - Este fichero no existe.
2025-10-08 12:53:17.646 [main] ERROR tema1.Ejercicio1 - Este fichero no existe.
2025-10-08 12:53:32.462 [main] ERROR tema1.Ejercicio1 - Este fichero no existe.
2025-10-08 12:53:57.895 [main] ERROR tema1.Ejercicio1 - Este fichero no existe.
2025-10-08 12:54:58.094 [main] ERROR tema1.Ejercicio1 - Este fichero no existe.
2025-10-08 13:00:29.659 [main] ERROR tema1.Ejercicio1 - Esta ruta no existe.
2025-10-08 13:01:50.999 [main] INFO  tema1.Ejercicio1 - fichero.txt.txt
2025-10-08 13:01:56.555 [main] INFO  tema1.Ejercicio1 - fichero.txt.txt
2025-10-08 13:01:56.696 [main] INFO  tema1.Ejercicio1 - fichero.txt.txt
2025-10-08 13:02:43.377 [main] INFO  tema1.Ejercicio1 - fichero.txt
2025-10-08 13:15:13.997 [main] ERROR tema1.Ejercicio1 - Esta ruta no existe.
2025-10-08 13:15:24.503 [main] INFO  tema1.Ejercicio1 - controller
2025-10-08 13:15:24.506 [main] INFO  tema1.Ejercicio1 - enu
2025-10-08 13:15:24.506 [main] INFO  tema1.Ejercicio1 - exception
2025-10-08 13:15:24.506 [main] INFO  tema1.Ejercicio1 - ficheroException
2025-10-08 13:15:24.506 [main] INFO  tema1.Ejercicio1 - inter
2025-10-08 13:15:24.506 [main] INFO  tema1.Ejercicio1 - model
2025-10-08 13:15:24.506 [main] INFO  tema1.Ejercicio1 - repository
2025-10-08 13:15:24.507 [main] INFO  tema1.Ejercicio1 - service
2025-10-08 13:15:24.507 [main] INFO  tema1.Ejercicio1 - tema1
2025-10-08 13:21:50.537 [main] INFO  tema1.Ejercicio1 - controller
2025-10-08 13:21:50.541 [main] INFO  tema1.Ejercicio1 - enu
2025-10-08 13:21:50.541 [main] INFO  tema1.Ejercicio1 - exception
2025-10-08 13:21:50.541 [main] INFO  tema1.Ejercicio1 - ficheroException
2025-10-08 13:21:50.541 [main] INFO  tema1.Ejercicio1 - inter
2025-10-08 13:21:50.541 [main] INFO  tema1.Ejercicio1 - model
2025-10-08 13:21:50.541 [main] INFO  tema1.Ejercicio1 - repository
2025-10-08 13:21:50.541 [main] INFO  tema1.Ejercicio1 - service
2025-10-08 13:21:50.541 [main] INFO  tema1.Ejercicio1 - tema1
2025-10-08 13:22:20.465 [main] INFO  tema1.Ejercicio1 - controller
2025-10-08 13:22:20.468 [main] INFO  tema1.Ejercicio1 - true
2025-10-08 13:22:20.468 [main] INFO  tema1.Ejercicio1 - enu
2025-10-08 13:22:20.468 [main] INFO  tema1.Ejercicio1 - true
2025-10-08 13:22:20.468 [main] INFO  tema1.Ejercicio1 - exception
2025-10-08 13:22:20.468 [main] INFO  tema1.Ejercicio1 - true
2025-10-08 13:22:20.468 [main] INFO  tema1.Ejercicio1 - ficheroException
2025-10-08 13:22:20.468 [main] INFO  tema1.Ejercicio1 - true
2025-10-08 13:22:20.468 [main] INFO  tema1.Ejercicio1 - inter
2025-10-08 13:22:20.468 [main] INFO  tema1.Ejercicio1 - true
2025-10-08 13:22:20.469 [main] INFO  tema1.Ejercicio1 - model
2025-10-08 13:22:20.469 [main] INFO  tema1.Ejercicio1 - true
2025-10-08 13:22:20.469 [main] INFO  tema1.Ejercicio1 - repository
2025-10-08 13:22:20.469 [main] INFO  tema1.Ejercicio1 - true
2025-10-08 13:22:20.469 [main] INFO  tema1.Ejercicio1 - service
2025-10-08 13:22:20.469 [main] INFO  tema1.Ejercicio1 - true
2025-10-08 13:22:20.469 [main] INFO  tema1.Ejercicio1 - tema1
2025-10-08 13:22:20.469 [main] INFO  tema1.Ejercicio1 - true
2025-10-08 13:22:58.699 [main] INFO  tema1.Ejercicio1 - controller
2025-10-08 13:22:58.704 [main] INFO  tema1.Ejercicio1 - Es un directoriotrue
2025-10-08 13:22:58.704 [main] INFO  tema1.Ejercicio1 - enu
2025-10-08 13:22:58.704 [main] INFO  tema1.Ejercicio1 - Es un directoriotrue
2025-10-08 13:22:58.704 [main] INFO  tema1.Ejercicio1 - exception
2025-10-08 13:22:58.704 [main] INFO  tema1.Ejercicio1 - Es un directoriotrue
2025-10-08 13:22:58.704 [main] INFO  tema1.Ejercicio1 - ficheroException
2025-10-08 13:22:58.704 [main] INFO  tema1.Ejercicio1 - Es un directoriotrue
2025-10-08 13:22:58.704 [main] INFO  tema1.Ejercicio1 - inter
2025-10-08 13:22:58.704 [main] INFO  tema1.Ejercicio1 - Es un directoriotrue
2025-10-08 13:22:58.705 [main] INFO  tema1.Ejercicio1 - model
2025-10-08 13:22:58.705 [main] INFO  tema1.Ejercicio1 - Es un directoriotrue
2025-10-08 13:22:58.705 [main] INFO  tema1.Ejercicio1 - repository
2025-10-08 13:22:58.705 [main] INFO  tema1.Ejercicio1 - Es un directoriotrue
2025-10-08 13:22:58.705 [main] INFO  tema1.Ejercicio1 - service
2025-10-08 13:22:58.705 [main] INFO  tema1.Ejercicio1 - Es un directoriotrue
2025-10-08 13:22:58.705 [main] INFO  tema1.Ejercicio1 - tema1
2025-10-08 13:22:58.706 [main] INFO  tema1.Ejercicio1 - Es un directoriotrue
2025-10-08 13:23:05.021 [main] INFO  tema1.Ejercicio1 - controller
2025-10-08 13:23:05.024 [main] INFO  tema1.Ejercicio1 - Es un directorio true
2025-10-08 13:23:05.025 [main] INFO  tema1.Ejercicio1 - enu
2025-10-08 13:23:05.025 [main] INFO  tema1.Ejercicio1 - Es un directorio true
2025-10-08 13:23:05.025 [main] INFO  tema1.Ejercicio1 - exception
2025-10-08 13:23:05.025 [main] INFO  tema1.Ejercicio1 - Es un directorio true
2025-10-08 13:23:05.025 [main] INFO  tema1.Ejercicio1 - ficheroException
2025-10-08 13:23:05.025 [main] INFO  tema1.Ejercicio1 - Es un directorio true
2025-10-08 13:23:05.025 [main] INFO  tema1.Ejercicio1 - inter
2025-10-08 13:23:05.026 [main] INFO  tema1.Ejercicio1 - Es un directorio true
2025-10-08 13:23:05.026 [main] INFO  tema1.Ejercicio1 - model
2025-10-08 13:23:05.026 [main] INFO  tema1.Ejercicio1 - Es un directorio true
2025-10-08 13:23:05.026 [main] INFO  tema1.Ejercicio1 - repository
2025-10-08 13:23:05.026 [main] INFO  tema1.Ejercicio1 - Es un directorio true
2025-10-08 13:23:05.027 [main] INFO  tema1.Ejercicio1 - service
2025-10-08 13:23:05.027 [main] INFO  tema1.Ejercicio1 - Es un directorio true
2025-10-08 13:23:05.027 [main] INFO  tema1.Ejercicio1 - tema1
2025-10-08 13:23:05.027 [main] INFO  tema1.Ejercicio1 - Es un directorio true
2025-10-08 13:23:43.820 [main] INFO  tema1.Ejercicio1 - controller
2025-10-08 13:23:43.824 [main] INFO  tema1.Ejercicio1 - Es un directorio true
2025-10-08 13:23:43.824 [main] INFO  tema1.Ejercicio1 - false
2025-10-08 13:23:43.824 [main] INFO  tema1.Ejercicio1 - enu
2025-10-08 13:23:43.824 [main] INFO  tema1.Ejercicio1 - Es un directorio true
2025-10-08 13:23:43.825 [main] INFO  tema1.Ejercicio1 - false
2025-10-08 13:23:43.825 [main] INFO  tema1.Ejercicio1 - exception
2025-10-08 13:23:43.825 [main] INFO  tema1.Ejercicio1 - Es un directorio true
2025-10-08 13:23:43.825 [main] INFO  tema1.Ejercicio1 - false
2025-10-08 13:23:43.825 [main] INFO  tema1.Ejercicio1 - ficheroException
2025-10-08 13:23:43.825 [main] INFO  tema1.Ejercicio1 - Es un directorio true
2025-10-08 13:23:43.825 [main] INFO  tema1.Ejercicio1 - false
2025-10-08 13:23:43.826 [main] INFO  tema1.Ejercicio1 - inter
2025-10-08 13:23:43.826 [main] INFO  tema1.Ejercicio1 - Es un directorio true
2025-10-08 13:23:43.826 [main] INFO  tema1.Ejercicio1 - false
2025-10-08 13:23:43.826 [main] INFO  tema1.Ejercicio1 - model
2025-10-08 13:23:43.826 [main] INFO  tema1.Ejercicio1 - Es un directorio true
2025-10-08 13:23:43.826 [main] INFO  tema1.Ejercicio1 - false
2025-10-08 13:23:43.827 [main] INFO  tema1.Ejercicio1 - repository
2025-10-08 13:23:43.827 [main] INFO  tema1.Ejercicio1 - Es un directorio true
2025-10-08 13:23:43.827 [main] INFO  tema1.Ejercicio1 - false
2025-10-08 13:23:43.827 [main] INFO  tema1.Ejercicio1 - service
2025-10-08 13:23:43.827 [main] INFO  tema1.Ejercicio1 - Es un directorio true
2025-10-08 13:23:43.827 [main] INFO  tema1.Ejercicio1 - false
2025-10-08 13:23:43.827 [main] INFO  tema1.Ejercicio1 - tema1
2025-10-08 13:23:43.828 [main] INFO  tema1.Ejercicio1 - Es un directorio true
2025-10-08 13:23:43.828 [main] INFO  tema1.Ejercicio1 - false
2025-10-08 13:24:01.595 [main] INFO  tema1.Ejercicio1 - controller
2025-10-08 13:24:01.599 [main] INFO  tema1.Ejercicio1 - Es un directorio true
2025-10-08 13:24:01.599 [main] INFO  tema1.Ejercicio1 - Es un fichero false
2025-10-08 13:24:01.599 [main] INFO  tema1.Ejercicio1 - enu
2025-10-08 13:24:01.599 [main] INFO  tema1.Ejercicio1 - Es un directorio true
2025-10-08 13:24:01.599 [main] INFO  tema1.Ejercicio1 - Es un fichero false
2025-10-08 13:24:01.599 [main] INFO  tema1.Ejercicio1 - exception
2025-10-08 13:24:01.599 [main] INFO  tema1.Ejercicio1 - Es un directorio true
2025-10-08 13:24:01.599 [main] INFO  tema1.Ejercicio1 - Es un fichero false
2025-10-08 13:24:01.599 [main] INFO  tema1.Ejercicio1 - ficheroException
2025-10-08 13:24:01.599 [main] INFO  tema1.Ejercicio1 - Es un directorio true
2025-10-08 13:24:01.600 [main] INFO  tema1.Ejercicio1 - Es un fichero false
2025-10-08 13:24:01.600 [main] INFO  tema1.Ejercicio1 - inter
2025-10-08 13:24:01.600 [main] INFO  tema1.Ejercicio1 - Es un directorio true
2025-10-08 13:24:01.600 [main] INFO  tema1.Ejercicio1 - Es un fichero false
2025-10-08 13:24:01.600 [main] INFO  tema1.Ejercicio1 - model
2025-10-08 13:24:01.600 [main] INFO  tema1.Ejercicio1 - Es un directorio true
2025-10-08 13:24:01.600 [main] INFO  tema1.Ejercicio1 - Es un fichero false
2025-10-08 13:24:01.600 [main] INFO  tema1.Ejercicio1 - repository
2025-10-08 13:24:01.600 [main] INFO  tema1.Ejercicio1 - Es un directorio true
2025-10-08 13:24:01.601 [main] INFO  tema1.Ejercicio1 - Es un fichero false
2025-10-08 13:24:01.601 [main] INFO  tema1.Ejercicio1 - service
2025-10-08 13:24:01.601 [main] INFO  tema1.Ejercicio1 - Es un directorio true
2025-10-08 13:24:01.601 [main] INFO  tema1.Ejercicio1 - Es un fichero false
2025-10-08 13:24:01.601 [main] INFO  tema1.Ejercicio1 - tema1
2025-10-08 13:24:01.601 [main] INFO  tema1.Ejercicio1 - Es un directorio true
2025-10-08 13:24:01.601 [main] INFO  tema1.Ejercicio1 - Es un fichero false
2025-10-08 13:24:26.240 [main] INFO  tema1.Ejercicio1 - desktop.ini
2025-10-08 13:24:26.243 [main] INFO  tema1.Ejercicio1 - directorio
2025-10-08 13:24:26.243 [main] INFO  tema1.Ejercicio1 - fichero.txt
2025-10-08 13:24:26.243 [main] INFO  tema1.Ejercicio1 - GitHub Desktop.lnk
2025-10-08 13:24:26.243 [main] INFO  tema1.Ejercicio1 - segundoDAM
2025-10-08 13:24:46.247 [main] INFO  tema1.Ejercicio1 - controller
2025-10-08 13:24:46.248 [main] INFO  tema1.Ejercicio1 - Es un directorio true
2025-10-08 13:24:46.249 [main] INFO  tema1.Ejercicio1 - Es un fichero false
2025-10-08 13:24:46.249 [main] INFO  tema1.Ejercicio1 - enu
2025-10-08 13:24:46.249 [main] INFO  tema1.Ejercicio1 - Es un directorio true
2025-10-08 13:24:46.249 [main] INFO  tema1.Ejercicio1 - Es un fichero false
2025-10-08 13:24:46.249 [main] INFO  tema1.Ejercicio1 - exception
2025-10-08 13:24:46.249 [main] INFO  tema1.Ejercicio1 - Es un directorio true
2025-10-08 13:24:46.249 [main] INFO  tema1.Ejercicio1 - Es un fichero false
2025-10-08 13:24:46.249 [main] INFO  tema1.Ejercicio1 - ficheroException
2025-10-08 13:24:46.249 [main] INFO  tema1.Ejercicio1 - Es un directorio true
2025-10-08 13:24:46.250 [main] INFO  tema1.Ejercicio1 - Es un fichero false
2025-10-08 13:24:46.250 [main] INFO  tema1.Ejercicio1 - inter
2025-10-08 13:24:46.250 [main] INFO  tema1.Ejercicio1 - Es un directorio true
2025-10-08 13:24:46.250 [main] INFO  tema1.Ejercicio1 - Es un fichero false
2025-10-08 13:24:46.250 [main] INFO  tema1.Ejercicio1 - model
2025-10-08 13:24:46.250 [main] INFO  tema1.Ejercicio1 - Es un directorio true
2025-10-08 13:24:46.250 [main] INFO  tema1.Ejercicio1 - Es un fichero false
2025-10-08 13:24:46.250 [main] INFO  tema1.Ejercicio1 - repository
2025-10-08 13:24:46.251 [main] INFO  tema1.Ejercicio1 - Es un directorio true
2025-10-08 13:24:46.251 [main] INFO  tema1.Ejercicio1 - Es un fichero false
2025-10-08 13:24:46.251 [main] INFO  tema1.Ejercicio1 - service
2025-10-08 13:24:46.251 [main] INFO  tema1.Ejercicio1 - Es un directorio true
2025-10-08 13:24:46.251 [main] INFO  tema1.Ejercicio1 - Es un fichero false
2025-10-08 13:24:46.251 [main] INFO  tema1.Ejercicio1 - tema1
2025-10-08 13:24:46.251 [main] INFO  tema1.Ejercicio1 - Es un directorio true
2025-10-08 13:24:46.251 [main] INFO  tema1.Ejercicio1 - Es un fichero false
2025-10-08 13:27:03.545 [main] INFO  tema1.Ejercicio1 - Nombre del archivo controller
2025-10-08 13:27:03.547 [main] INFO  tema1.Ejercicio1 - Esta ruta no existe.
2025-10-08 13:27:24.604 [main] INFO  tema1.Ejercicio1 - Nombre del archivo controller
2025-10-08 13:27:24.608 [main] INFO  tema1.Ejercicio1 - Nombre del archivo enu
2025-10-08 13:27:24.609 [main] INFO  tema1.Ejercicio1 - Nombre del archivo exception
2025-10-08 13:27:24.609 [main] INFO  tema1.Ejercicio1 - Nombre del archivo ficheroException
2025-10-08 13:27:24.609 [main] INFO  tema1.Ejercicio1 - Nombre del archivo inter
2025-10-08 13:27:24.609 [main] INFO  tema1.Ejercicio1 - Nombre del archivo model
2025-10-08 13:27:24.609 [main] INFO  tema1.Ejercicio1 - Nombre del archivo repository
2025-10-08 13:27:24.609 [main] INFO  tema1.Ejercicio1 - Nombre del archivo service
2025-10-08 13:27:24.609 [main] INFO  tema1.Ejercicio1 - Nombre del archivo tema1
2025-10-08 13:27:28.099 [main] INFO  tema1.Ejercicio1 - Nombre del archivo controller
2025-10-08 13:27:28.101 [main] INFO  tema1.Ejercicio1 - Nombre del archivo enu
2025-10-08 13:27:28.102 [main] INFO  tema1.Ejercicio1 - Nombre del archivo exception
2025-10-08 13:27:28.102 [main] INFO  tema1.Ejercicio1 - Nombre del archivo ficheroException
2025-10-08 13:27:28.102 [main] INFO  tema1.Ejercicio1 - Nombre del archivo inter
2025-10-08 13:27:28.102 [main] INFO  tema1.Ejercicio1 - Nombre del archivo model
2025-10-08 13:27:28.102 [main] INFO  tema1.Ejercicio1 - Nombre del archivo repository
2025-10-08 13:27:28.102 [main] INFO  tema1.Ejercicio1 - Nombre del archivo service
2025-10-08 13:27:28.102 [main] INFO  tema1.Ejercicio1 - Nombre del archivo tema1
2025-10-08 13:29:10.894 [main] INFO  tema1.Ejercicio1 - Nombre del archivo controller
2025-10-08 13:29:10.897 [main] INFO  tema1.Ejercicio1 - Ruta del archivo true
2025-10-08 13:29:10.897 [main] INFO  tema1.Ejercicio1 - Ruta del archivo true
2025-10-08 13:29:10.897 [main] INFO  tema1.Ejercicio1 - Nombre del archivo enu
2025-10-08 13:29:10.897 [main] INFO  tema1.Ejercicio1 - Ruta del archivo true
2025-10-08 13:29:10.897 [main] INFO  tema1.Ejercicio1 - Ruta del archivo true
2025-10-08 13:29:10.897 [main] INFO  tema1.Ejercicio1 - Nombre del archivo exception
2025-10-08 13:29:10.897 [main] INFO  tema1.Ejercicio1 - Ruta del archivo true
2025-10-08 13:29:10.897 [main] INFO  tema1.Ejercicio1 - Ruta del archivo true
2025-10-08 13:29:10.897 [main] INFO  tema1.Ejercicio1 - Nombre del archivo ficheroException
2025-10-08 13:29:10.898 [main] INFO  tema1.Ejercicio1 - Ruta del archivo true
2025-10-08 13:29:10.898 [main] INFO  tema1.Ejercicio1 - Ruta del archivo true
2025-10-08 13:29:10.898 [main] INFO  tema1.Ejercicio1 - Nombre del archivo inter
2025-10-08 13:29:10.898 [main] INFO  tema1.Ejercicio1 - Ruta del archivo true
2025-10-08 13:29:10.898 [main] INFO  tema1.Ejercicio1 - Ruta del archivo true
2025-10-08 13:29:10.898 [main] INFO  tema1.Ejercicio1 - Nombre del archivo model
2025-10-08 13:29:10.898 [main] INFO  tema1.Ejercicio1 - Ruta del archivo true
2025-10-08 13:29:10.898 [main] INFO  tema1.Ejercicio1 - Ruta del archivo true
2025-10-08 13:29:10.898 [main] INFO  tema1.Ejercicio1 - Nombre del archivo repository
2025-10-08 13:29:10.899 [main] INFO  tema1.Ejercicio1 - Ruta del archivo true
2025-10-08 13:29:10.899 [main] INFO  tema1.Ejercicio1 - Ruta del archivo true
2025-10-08 13:29:10.899 [main] INFO  tema1.Ejercicio1 - Nombre del archivo service
2025-10-08 13:29:10.899 [main] INFO  tema1.Ejercicio1 - Ruta del archivo true
2025-10-08 13:29:10.899 [main] INFO  tema1.Ejercicio1 - Ruta del archivo true
2025-10-08 13:29:10.899 [main] INFO  tema1.Ejercicio1 - Nombre del archivo tema1
2025-10-08 13:29:10.899 [main] INFO  tema1.Ejercicio1 - Ruta del archivo true
2025-10-08 13:29:10.899 [main] INFO  tema1.Ejercicio1 - Ruta del archivo true
2025-10-08 13:29:37.228 [main] INFO  tema1.Ejercicio1 - Nombre del archivo controller
2025-10-08 13:29:37.229 [main] INFO  tema1.Ejercicio1 - Se puede leer true
2025-10-08 13:29:37.229 [main] INFO  tema1.Ejercicio1 - Se puede escribir true
2025-10-08 13:29:37.230 [main] INFO  tema1.Ejercicio1 - Nombre del archivo enu
2025-10-08 13:29:37.230 [main] INFO  tema1.Ejercicio1 - Se puede leer true
2025-10-08 13:29:37.230 [main] INFO  tema1.Ejercicio1 - Se puede escribir true
2025-10-08 13:29:37.230 [main] INFO  tema1.Ejercicio1 - Nombre del archivo exception
2025-10-08 13:29:37.230 [main] INFO  tema1.Ejercicio1 - Se puede leer true
2025-10-08 13:29:37.230 [main] INFO  tema1.Ejercicio1 - Se puede escribir true
2025-10-08 13:29:37.230 [main] INFO  tema1.Ejercicio1 - Nombre del archivo ficheroException
2025-10-08 13:29:37.231 [main] INFO  tema1.Ejercicio1 - Se puede leer true
2025-10-08 13:29:37.231 [main] INFO  tema1.Ejercicio1 - Se puede escribir true
2025-10-08 13:29:37.231 [main] INFO  tema1.Ejercicio1 - Nombre del archivo inter
2025-10-08 13:29:37.231 [main] INFO  tema1.Ejercicio1 - Se puede leer true
2025-10-08 13:29:37.231 [main] INFO  tema1.Ejercicio1 - Se puede escribir true
2025-10-08 13:29:37.231 [main] INFO  tema1.Ejercicio1 - Nombre del archivo model
2025-10-08 13:29:37.231 [main] INFO  tema1.Ejercicio1 - Se puede leer true
2025-10-08 13:29:37.232 [main] INFO  tema1.Ejercicio1 - Se puede escribir true
2025-10-08 13:29:37.232 [main] INFO  tema1.Ejercicio1 - Nombre del archivo repository
2025-10-08 13:29:37.232 [main] INFO  tema1.Ejercicio1 - Se puede leer true
2025-10-08 13:29:37.232 [main] INFO  tema1.Ejercicio1 - Se puede escribir true
2025-10-08 13:29:37.232 [main] INFO  tema1.Ejercicio1 - Nombre del archivo service
2025-10-08 13:29:37.232 [main] INFO  tema1.Ejercicio1 - Se puede leer true
2025-10-08 13:29:37.232 [main] INFO  tema1.Ejercicio1 - Se puede escribir true
2025-10-08 13:29:37.232 [main] INFO  tema1.Ejercicio1 - Nombre del archivo tema1
2025-10-08 13:29:37.232 [main] INFO  tema1.Ejercicio1 - Se puede leer true
2025-10-08 13:29:37.233 [main] INFO  tema1.Ejercicio1 - Se puede escribir true
2025-10-08 13:30:12.610 [main] INFO  tema1.Ejercicio1 - Nombre del archivo controller
2025-10-08 13:30:12.612 [main] INFO  tema1.Ejercicio1 - Se puede leer true
2025-10-08 13:30:12.612 [main] INFO  tema1.Ejercicio1 - Se puede escribir true
2025-10-08 13:30:12.612 [main] INFO  tema1.Ejercicio1 - Se puede escribir 0
2025-10-08 13:30:12.613 [main] INFO  tema1.Ejercicio1 - Nombre del archivo enu
2025-10-08 13:30:12.613 [main] INFO  tema1.Ejercicio1 - Se puede leer true
2025-10-08 13:30:12.613 [main] INFO  tema1.Ejercicio1 - Se puede escribir true
2025-10-08 13:30:12.613 [main] INFO  tema1.Ejercicio1 - Se puede escribir 0
2025-10-08 13:30:12.613 [main] INFO  tema1.Ejercicio1 - Nombre del archivo exception
2025-10-08 13:30:12.613 [main] INFO  tema1.Ejercicio1 - Se puede leer true
2025-10-08 13:30:12.613 [main] INFO  tema1.Ejercicio1 - Se puede escribir true
2025-10-08 13:30:12.613 [main] INFO  tema1.Ejercicio1 - Se puede escribir 0
2025-10-08 13:30:12.614 [main] INFO  tema1.Ejercicio1 - Nombre del archivo ficheroException
2025-10-08 13:30:12.614 [main] INFO  tema1.Ejercicio1 - Se puede leer true
2025-10-08 13:30:12.614 [main] INFO  tema1.Ejercicio1 - Se puede escribir true
2025-10-08 13:30:12.614 [main] INFO  tema1.Ejercicio1 - Se puede escribir 0
2025-10-08 13:30:12.614 [main] INFO  tema1.Ejercicio1 - Nombre del archivo inter
2025-10-08 13:30:12.614 [main] INFO  tema1.Ejercicio1 - Se puede leer true
2025-10-08 13:30:12.614 [main] INFO  tema1.Ejercicio1 - Se puede escribir true
2025-10-08 13:30:12.614 [main] INFO  tema1.Ejercicio1 - Se puede escribir 0
2025-10-08 13:30:12.614 [main] INFO  tema1.Ejercicio1 - Nombre del archivo model
2025-10-08 13:30:12.614 [main] INFO  tema1.Ejercicio1 - Se puede leer true
2025-10-08 13:30:12.615 [main] INFO  tema1.Ejercicio1 - Se puede escribir true
2025-10-08 13:30:12.615 [main] INFO  tema1.Ejercicio1 - Se puede escribir 0
2025-10-08 13:30:12.615 [main] INFO  tema1.Ejercicio1 - Nombre del archivo repository
2025-10-08 13:30:12.615 [main] INFO  tema1.Ejercicio1 - Se puede leer true
2025-10-08 13:30:12.615 [main] INFO  tema1.Ejercicio1 - Se puede escribir true
2025-10-08 13:30:12.615 [main] INFO  tema1.Ejercicio1 - Se puede escribir 0
2025-10-08 13:30:12.615 [main] INFO  tema1.Ejercicio1 - Nombre del archivo service
2025-10-08 13:30:12.615 [main] INFO  tema1.Ejercicio1 - Se puede leer true
2025-10-08 13:30:12.616 [main] INFO  tema1.Ejercicio1 - Se puede escribir true
2025-10-08 13:30:12.616 [main] INFO  tema1.Ejercicio1 - Se puede escribir 0
2025-10-08 13:30:12.616 [main] INFO  tema1.Ejercicio1 - Nombre del archivo tema1
2025-10-08 13:30:12.616 [main] INFO  tema1.Ejercicio1 - Se puede leer true
2025-10-08 13:30:12.616 [main] INFO  tema1.Ejercicio1 - Se puede escribir true
2025-10-08 13:30:12.616 [main] INFO  tema1.Ejercicio1 - Se puede escribir 0
2025-10-08 13:30:20.450 [main] INFO  tema1.Ejercicio1 - Nombre del archivo controller
2025-10-08 13:30:20.452 [main] INFO  tema1.Ejercicio1 - Se puede leer true
2025-10-08 13:30:20.452 [main] INFO  tema1.Ejercicio1 - Se puede escribir true
2025-10-08 13:30:20.452 [main] INFO  tema1.Ejercicio1 - Tamaño 0
2025-10-08 13:30:20.452 [main] INFO  tema1.Ejercicio1 - Nombre del archivo enu
2025-10-08 13:30:20.452 [main] INFO  tema1.Ejercicio1 - Se puede leer true
2025-10-08 13:30:20.452 [main] INFO  tema1.Ejercicio1 - Se puede escribir true
2025-10-08 13:30:20.452 [main] INFO  tema1.Ejercicio1 - Tamaño 0
2025-10-08 13:30:20.452 [main] INFO  tema1.Ejercicio1 - Nombre del archivo exception
2025-10-08 13:30:20.453 [main] INFO  tema1.Ejercicio1 - Se puede leer true
2025-10-08 13:30:20.453 [main] INFO  tema1.Ejercicio1 - Se puede escribir true
2025-10-08 13:30:20.453 [main] INFO  tema1.Ejercicio1 - Tamaño 0
2025-10-08 13:30:20.453 [main] INFO  tema1.Ejercicio1 - Nombre del archivo ficheroException
2025-10-08 13:30:20.453 [main] INFO  tema1.Ejercicio1 - Se puede leer true
2025-10-08 13:30:20.453 [main] INFO  tema1.Ejercicio1 - Se puede escribir true
2025-10-08 13:30:20.453 [main] INFO  tema1.Ejercicio1 - Tamaño 0
2025-10-08 13:30:20.453 [main] INFO  tema1.Ejercicio1 - Nombre del archivo inter
2025-10-08 13:30:20.454 [main] INFO  tema1.Ejercicio1 - Se puede leer true
2025-10-08 13:30:20.454 [main] INFO  tema1.Ejercicio1 - Se puede escribir true
2025-10-08 13:30:20.454 [main] INFO  tema1.Ejercicio1 - Tamaño 0
2025-10-08 13:30:20.454 [main] INFO  tema1.Ejercicio1 - Nombre del archivo model
2025-10-08 13:30:20.454 [main] INFO  tema1.Ejercicio1 - Se puede leer true
2025-10-08 13:30:20.454 [main] INFO  tema1.Ejercicio1 - Se puede escribir true
2025-10-08 13:30:20.454 [main] INFO  tema1.Ejercicio1 - Tamaño 0
2025-10-08 13:30:20.454 [main] INFO  tema1.Ejercicio1 - Nombre del archivo repository
2025-10-08 13:30:20.454 [main] INFO  tema1.Ejercicio1 - Se puede leer true
2025-10-08 13:30:20.454 [main] INFO  tema1.Ejercicio1 - Se puede escribir true
2025-10-08 13:30:20.455 [main] INFO  tema1.Ejercicio1 - Tamaño 0
2025-10-08 13:30:20.455 [main] INFO  tema1.Ejercicio1 - Nombre del archivo service
2025-10-08 13:30:20.455 [main] INFO  tema1.Ejercicio1 - Se puede leer true
2025-10-08 13:30:20.455 [main] INFO  tema1.Ejercicio1 - Se puede escribir true
2025-10-08 13:30:20.455 [main] INFO  tema1.Ejercicio1 - Tamaño 0
2025-10-08 13:30:20.455 [main] INFO  tema1.Ejercicio1 - Nombre del archivo tema1
2025-10-08 13:30:20.455 [main] INFO  tema1.Ejercicio1 - Se puede leer true
2025-10-08 13:30:20.455 [main] INFO  tema1.Ejercicio1 - Se puede escribir true
2025-10-08 13:30:20.456 [main] INFO  tema1.Ejercicio1 - Tamaño 0
2025-10-08 13:30:42.082 [main] INFO  tema1.Ejercicio1 - Nombre del archivo controller
2025-10-08 13:30:42.084 [main] INFO  tema1.Ejercicio1 - Se puede leer true
2025-10-08 13:30:42.084 [main] INFO  tema1.Ejercicio1 - Se puede escribir true
2025-10-08 13:30:42.084 [main] INFO  tema1.Ejercicio1 - Tamaño 0
2025-10-08 13:30:42.084 [main] INFO  tema1.Ejercicio1 - Es un directorio true
2025-10-08 13:30:42.084 [main] INFO  tema1.Ejercicio1 - Es un fichero false
2025-10-08 13:30:42.084 [main] INFO  tema1.Ejercicio1 - Nombre del archivo enu
2025-10-08 13:30:42.085 [main] INFO  tema1.Ejercicio1 - Se puede leer true
2025-10-08 13:30:42.085 [main] INFO  tema1.Ejercicio1 - Se puede escribir true
2025-10-08 13:30:42.085 [main] INFO  tema1.Ejercicio1 - Tamaño 0
2025-10-08 13:30:42.085 [main] INFO  tema1.Ejercicio1 - Es un directorio true
2025-10-08 13:30:42.085 [main] INFO  tema1.Ejercicio1 - Es un fichero false
2025-10-08 13:30:42.085 [main] INFO  tema1.Ejercicio1 - Nombre del archivo exception
2025-10-08 13:30:42.085 [main] INFO  tema1.Ejercicio1 - Se puede leer true
2025-10-08 13:30:42.085 [main] INFO  tema1.Ejercicio1 - Se puede escribir true
2025-10-08 13:30:42.086 [main] INFO  tema1.Ejercicio1 - Tamaño 0
2025-10-08 13:30:42.086 [main] INFO  tema1.Ejercicio1 - Es un directorio true
2025-10-08 13:30:42.086 [main] INFO  tema1.Ejercicio1 - Es un fichero false
2025-10-08 13:30:42.086 [main] INFO  tema1.Ejercicio1 - Nombre del archivo ficheroException
2025-10-08 13:30:42.086 [main] INFO  tema1.Ejercicio1 - Se puede leer true
2025-10-08 13:30:42.086 [main] INFO  tema1.Ejercicio1 - Se puede escribir true
2025-10-08 13:30:42.086 [main] INFO  tema1.Ejercicio1 - Tamaño 0
2025-10-08 13:30:42.086 [main] INFO  tema1.Ejercicio1 - Es un directorio true
2025-10-08 13:30:42.086 [main] INFO  tema1.Ejercicio1 - Es un fichero false
2025-10-08 13:30:42.087 [main] INFO  tema1.Ejercicio1 - Nombre del archivo inter
2025-10-08 13:30:42.087 [main] INFO  tema1.Ejercicio1 - Se puede leer true
2025-10-08 13:30:42.087 [main] INFO  tema1.Ejercicio1 - Se puede escribir true
2025-10-08 13:30:42.087 [main] INFO  tema1.Ejercicio1 - Tamaño 0
2025-10-08 13:30:42.087 [main] INFO  tema1.Ejercicio1 - Es un directorio true
2025-10-08 13:30:42.087 [main] INFO  tema1.Ejercicio1 - Es un fichero false
2025-10-08 13:30:42.087 [main] INFO  tema1.Ejercicio1 - Nombre del archivo model
2025-10-08 13:30:42.087 [main] INFO  tema1.Ejercicio1 - Se puede leer true
2025-10-08 13:30:42.088 [main] INFO  tema1.Ejercicio1 - Se puede escribir true
2025-10-08 13:30:42.088 [main] INFO  tema1.Ejercicio1 - Tamaño 0
2025-10-08 13:30:42.088 [main] INFO  tema1.Ejercicio1 - Es un directorio true
2025-10-08 13:30:42.088 [main] INFO  tema1.Ejercicio1 - Es un fichero false
2025-10-08 13:30:42.088 [main] INFO  tema1.Ejercicio1 - Nombre del archivo repository
2025-10-08 13:30:42.088 [main] INFO  tema1.Ejercicio1 - Se puede leer true
2025-10-08 13:30:42.088 [main] INFO  tema1.Ejercicio1 - Se puede escribir true
2025-10-08 13:30:42.088 [main] INFO  tema1.Ejercicio1 - Tamaño 0
2025-10-08 13:30:42.088 [main] INFO  tema1.Ejercicio1 - Es un directorio true
2025-10-08 13:30:42.088 [main] INFO  tema1.Ejercicio1 - Es un fichero false
2025-10-08 13:30:42.089 [main] INFO  tema1.Ejercicio1 - Nombre del archivo service
2025-10-08 13:30:42.089 [main] INFO  tema1.Ejercicio1 - Se puede leer true
2025-10-08 13:30:42.089 [main] INFO  tema1.Ejercicio1 - Se puede escribir true
2025-10-08 13:30:42.089 [main] INFO  tema1.Ejercicio1 - Tamaño 0
2025-10-08 13:30:42.089 [main] INFO  tema1.Ejercicio1 - Es un directorio true
2025-10-08 13:30:42.089 [main] INFO  tema1.Ejercicio1 - Es un fichero false
2025-10-08 13:30:42.089 [main] INFO  tema1.Ejercicio1 - Nombre del archivo tema1
2025-10-08 13:30:42.090 [main] INFO  tema1.Ejercicio1 - Se puede leer true
2025-10-08 13:30:42.090 [main] INFO  tema1.Ejercicio1 - Se puede escribir true
2025-10-08 13:30:42.090 [main] INFO  tema1.Ejercicio1 - Tamaño 0
2025-10-08 13:30:42.090 [main] INFO  tema1.Ejercicio1 - Es un directorio true
2025-10-08 13:30:42.090 [main] INFO  tema1.Ejercicio1 - Es un fichero false
